The target system is: Linux -  - arm
The host system is: Linux - 5.15.0-139-generic - x86_64
Compiling the C compiler identification source file "CMakeCCompilerId.c" succeeded.
Compiler: /home/xiaoyubb/Downloads/toolchain-sunxi-glibc-gcc-830/toolchain/bin/arm-openwrt-linux-gcc 
Build flags: 
Id flags:  

The output was:
0


Compilation of the C compiler identification source "CMakeCCompilerId.c" produced "a.out"

The C compiler identification is GNU, found in "/home/xiaoyubb/xiangmu/app_sdk_v2/build/CMakeFiles/3.16.3/CompilerIdC/a.out"

Compiling the CXX compiler identification source file "CMakeCXXCompilerId.cpp" succeeded.
Compiler: /home/xiaoyubb/Downloads/toolchain-sunxi-glibc-gcc-830/toolchain/bin/arm-openwrt-linux-g++ 
Build flags: 
Id flags:  

The output was:
0


Compilation of the CXX compiler identification source "CMakeCXXCompilerId.cpp" produced "a.out"

The CXX compiler identification is GNU, found in "/home/xiaoyubb/xiangmu/app_sdk_v2/build/CMakeFiles/3.16.3/CompilerIdCXX/a.out"

Determining if the C compiler works passed with the following output:
Change Dir: /home/xiaoyubb/xiangmu/app_sdk_v2/build/CMakeFiles/CMakeTmp

Run Build Command(s):/usr/bin/make cmTC_090c8/fast && /usr/bin/make -f CMakeFiles/cmTC_090c8.dir/build.make CMakeFiles/cmTC_090c8.dir/build
make[1]: Entering directory '/home/xiaoyubb/xiangmu/app_sdk_v2/build/CMakeFiles/CMakeTmp'
Building C object CMakeFiles/cmTC_090c8.dir/testCCompiler.c.o
/home/xiaoyubb/Downloads/toolchain-sunxi-glibc-gcc-830/toolchain/bin/arm-openwrt-linux-gcc   -I/home/xiaoyubb/xiangmu/app_sdk_v2/platform/t113/src/porting -I/home/xiaoyubb/xiangmu/app_sdk_v2/build/CMakeFiles/CMakeTmp -I/home/xiaoyubb/xiangmu/app_sdk_v2/build/CMakeFiles/CMakeTmp/lvgl/demos -I/home/xiaoyubb/xiangmu/app_sdk_v2/platform/t113/include -I/home/xiaoyubb/xiangmu/app_sdk_v2/platform/t113/include/freetype -march=armv7-a -mtune=cortex-a7 -mfpu=neon -mfloat-abi=hard -O0 -ldl -rdynamic -g -funwind-tables -ffunction-sections -o CMakeFiles/cmTC_090c8.dir/testCCompiler.c.o   -c /home/xiaoyubb/xiangmu/app_sdk_v2/build/CMakeFiles/CMakeTmp/testCCompiler.c
Linking C executable cmTC_090c8
/usr/bin/cmake -E cmake_link_script CMakeFiles/cmTC_090c8.dir/link.txt --verbose=1
/home/xiaoyubb/Downloads/toolchain-sunxi-glibc-gcc-830/toolchain/bin/arm-openwrt-linux-gcc      -L/home/xiaoyubb/xiangmu/app_sdk_v2/platform/t113/lib -L/home/xiaoyubb/xiangmu/app_sdk_v2/build/CMakeFiles/CMakeTmp/wifi/libs/ -L/home/xiaoyubb/xiangmu/app_sdk_v2/build/CMakeFiles/CMakeTmp/net/libs/ -lpthread -lfreetype -lrt -ldl -znow -zrelro -luapi -lm -lz -lbz2 -O0 -rdynamic -g -funwind-tables -ffunction-sections -fPIC -Wl,-gc-sections CMakeFiles/cmTC_090c8.dir/testCCompiler.c.o  -o cmTC_090c8 
make[1]: Leaving directory '/home/xiaoyubb/xiangmu/app_sdk_v2/build/CMakeFiles/CMakeTmp'



Detecting C compiler ABI info compiled with the following output:
Change Dir: /home/xiaoyubb/xiangmu/app_sdk_v2/build/CMakeFiles/CMakeTmp

Run Build Command(s):/usr/bin/make cmTC_aee35/fast && /usr/bin/make -f CMakeFiles/cmTC_aee35.dir/build.make CMakeFiles/cmTC_aee35.dir/build
make[1]: Entering directory '/home/xiaoyubb/xiangmu/app_sdk_v2/build/CMakeFiles/CMakeTmp'
Building C object CMakeFiles/cmTC_aee35.dir/CMakeCCompilerABI.c.o
/home/xiaoyubb/Downloads/toolchain-sunxi-glibc-gcc-830/toolchain/bin/arm-openwrt-linux-gcc   -v -I/home/xiaoyubb/xiangmu/app_sdk_v2/platform/t113/src/porting -I/home/xiaoyubb/xiangmu/app_sdk_v2/build/CMakeFiles/CMakeTmp -I/home/xiaoyubb/xiangmu/app_sdk_v2/build/CMakeFiles/CMakeTmp/lvgl/demos -I/home/xiaoyubb/xiangmu/app_sdk_v2/platform/t113/include -I/home/xiaoyubb/xiangmu/app_sdk_v2/platform/t113/include/freetype -march=armv7-a -mtune=cortex-a7 -mfpu=neon -mfloat-abi=hard -O0 -ldl -rdynamic -g -funwind-tables -ffunction-sections -o CMakeFiles/cmTC_aee35.dir/CMakeCCompilerABI.c.o   -c /usr/share/cmake-3.16/Modules/CMakeCCompilerABI.c
Reading specs from /home/xiaoyubb/Downloads/toolchain-sunxi-glibc-gcc-830/toolchain/bin/../lib/gcc/arm-openwrt-linux-gnueabi/8.3.0/specs
COLLECT_GCC=arm-openwrt-linux-gnueabi-gcc.bin
Target: arm-openwrt-linux-gnueabi
Configured with: /home/xuqiang/workspace/tina-r528/out/v853-perf1/compile_dir/toolchain/gcc-8.3.0/configure --with-bugurl=https://dev.openwrt.org/ --with-pkgversion='OpenWrt/CodeSourcery GCC 8.3.0 2021.08' --prefix=/home/xuqiang/workspace/tina-r528/out/v853-perf1/staging_dir/toolchain --build=x86_64-linux-gnu --host=x86_64-linux-gnu --target=arm-openwrt-linux-gnueabi --with-gnu-ld --enable-target-optspace --enable-libgomp --disable-libmudflap --disable-multilib --disable-nls --without-isl --without-cloog --with-host-libstdcxx=-lstdc++ --with-gmp=/home/xuqiang/workspace/tina-r528/out/host --with-mpfr=/home/xuqiang/workspace/tina-r528/out/host --with-mpc=/home/xuqiang/workspace/tina-r528/out/host --disable-decimal-float --with-diagnostics-color=auto-if-env --enable-libssp --enable-__cxa_atexit --with-cpu=cortex-a7 --with-fpu=neon --with-float=hard --with-headers=/home/xuqiang/workspace/tina-r528/out/v853-perf1/staging_dir/toolchain/include --enable-libsanitizer --enable-languages=c,c++,fortran --enable-shared --enable-threads --with-slibdir=/home/xuqiang/workspace/tina-r528/out/v853-perf1/staging_dir/toolchain/lib --enable-lto --with-libelf=/home/xuqiang/workspace/tina-r528/out/host
Thread model: posix
gcc version 8.3.0 (OpenWrt/CodeSourcery GCC 8.3.0 2021.08) 
COLLECT_GCC_OPTIONS='-v' '-I' '/home/xiaoyubb/xiangmu/app_sdk_v2/platform/t113/src/porting' '-I' '/home/xiaoyubb/xiangmu/app_sdk_v2/build/CMakeFiles/CMakeTmp' '-I' '/home/xiaoyubb/xiangmu/app_sdk_v2/build/CMakeFiles/CMakeTmp/lvgl/demos' '-I' '/home/xiaoyubb/xiangmu/app_sdk_v2/platform/t113/include' '-I' '/home/xiaoyubb/xiangmu/app_sdk_v2/platform/t113/include/freetype'  '-mtune=cortex-a7' '-mfpu=neon' '-mfloat-abi=hard' '-O0' '-rdynamic' '-g' '-funwind-tables' '-ffunction-sections' '-o' 'CMakeFiles/cmTC_aee35.dir/CMakeCCompilerABI.c.o' '-c' '-mtls-dialect=gnu' '-marm' '-march=armv7-a+simd'
 /home/xiaoyubb/Downloads/toolchain-sunxi-glibc-gcc-830/toolchain/bin/../libexec/gcc/arm-openwrt-linux-gnueabi/8.3.0/cc1 -quiet -v -I /home/xiaoyubb/xiangmu/app_sdk_v2/platform/t113/src/porting -I /home/xiaoyubb/xiangmu/app_sdk_v2/build/CMakeFiles/CMakeTmp -I /home/xiaoyubb/xiangmu/app_sdk_v2/build/CMakeFiles/CMakeTmp/lvgl/demos -I /home/xiaoyubb/xiangmu/app_sdk_v2/platform/t113/include -I /home/xiaoyubb/xiangmu/app_sdk_v2/platform/t113/include/freetype -iprefix /home/xiaoyubb/Downloads/toolchain-sunxi-glibc-gcc-830/toolchain/bin/../lib/gcc/arm-openwrt-linux-gnueabi/8.3.0/ -idirafter /home/xiaoyubb/Downloads/toolchain-sunxi-glibc-gcc-830/toolchain/bin:/home/xiaoyubb/Downloads/toolchain-sunxi-glibc-gcc-830/toolchain/bin:/home/xiaoyubb/Downloads/toolchain-sunxi-glibc-gcc-830/toolchain/bin:/usr/include /usr/share/cmake-3.16/Modules/CMakeCCompilerABI.c -quiet -dumpbase CMakeCCompilerABI.c -mtune=cortex-a7 -mfpu=neon -mfloat-abi=hard -mtls-dialect=gnu -marm -march=armv7-a+simd -auxbase-strip CMakeFiles/cmTC_aee35.dir/CMakeCCompilerABI.c.o -g -O0 -version -funwind-tables -ffunction-sections -o /tmp/cc0TIQpe.s
GNU C17 (OpenWrt/CodeSourcery GCC 8.3.0 2021.08) version 8.3.0 (arm-openwrt-linux-gnueabi)
	compiled by GNU C version 4.8.4, GMP version 6.1.0, MPFR version 3.1.3, MPC version 1.0.3, isl version none
GGC heuristics: --param ggc-min-expand=100 --param ggc-min-heapsize=131072
ignoring duplicate directory "/home/xiaoyubb/Downloads/toolchain-sunxi-glibc-gcc-830/toolchain/bin/../lib/gcc/../../lib/gcc/arm-openwrt-linux-gnueabi/8.3.0/include"
ignoring duplicate directory "/home/xiaoyubb/Downloads/toolchain-sunxi-glibc-gcc-830/toolchain/bin/../lib/gcc/../../lib/gcc/arm-openwrt-linux-gnueabi/8.3.0/include-fixed"
ignoring duplicate directory "/home/xiaoyubb/Downloads/toolchain-sunxi-glibc-gcc-830/toolchain/bin/../lib/gcc/../../lib/gcc/arm-openwrt-linux-gnueabi/8.3.0/../../../../arm-openwrt-linux-gnueabi/sys-include"
ignoring duplicate directory "/home/xiaoyubb/Downloads/toolchain-sunxi-glibc-gcc-830/toolchain/bin/../lib/gcc/../../lib/gcc/arm-openwrt-linux-gnueabi/8.3.0/../../../../arm-openwrt-linux-gnueabi/include"
ignoring nonexistent directory "/home/xiaoyubb/Downloads/toolchain-sunxi-glibc-gcc-830/toolchain/bin:/home/xiaoyubb/Downloads/toolchain-sunxi-glibc-gcc-830/toolchain/bin:/home/xiaoyubb/Downloads/toolchain-sunxi-glibc-gcc-830/toolchain/bin:/usr/include"
ignoring nonexistent directory "/home/xiaoyubb/xiangmu/app_sdk_v2/build/CMakeFiles/CMakeTmp/lvgl/demos"
#include "..." search starts here:
#include <...> search starts here:
 /home/xiaoyubb/xiangmu/app_sdk_v2/platform/t113/src/porting
 /home/xiaoyubb/xiangmu/app_sdk_v2/build/CMakeFiles/CMakeTmp
 /home/xiaoyubb/xiangmu/app_sdk_v2/platform/t113/include
 /home/xiaoyubb/xiangmu/app_sdk_v2/platform/t113/include/freetype
 /home/xiaoyubb/Downloads/toolchain-sunxi-glibc-gcc-830/toolchain/bin/../lib/gcc/arm-openwrt-linux-gnueabi/8.3.0/include
 /home/xiaoyubb/Downloads/toolchain-sunxi-glibc-gcc-830/toolchain/bin/../lib/gcc/arm-openwrt-linux-gnueabi/8.3.0/include-fixed
 /home/xiaoyubb/Downloads/toolchain-sunxi-glibc-gcc-830/toolchain/bin/../lib/gcc/arm-openwrt-linux-gnueabi/8.3.0/../../../../arm-openwrt-linux-gnueabi/sys-include
 /home/xiaoyubb/Downloads/toolchain-sunxi-glibc-gcc-830/toolchain/bin/../lib/gcc/arm-openwrt-linux-gnueabi/8.3.0/../../../../arm-openwrt-linux-gnueabi/include
End of search list.
GNU C17 (OpenWrt/CodeSourcery GCC 8.3.0 2021.08) version 8.3.0 (arm-openwrt-linux-gnueabi)
	compiled by GNU C version 4.8.4, GMP version 6.1.0, MPFR version 3.1.3, MPC version 1.0.3, isl version none
GGC heuristics: --param ggc-min-expand=100 --param ggc-min-heapsize=131072
Compiler executable checksum: a3b0939f9eecabf6dbe8df2649638084
COLLECT_GCC_OPTIONS='-v' '-I' '/home/xiaoyubb/xiangmu/app_sdk_v2/platform/t113/src/porting' '-I' '/home/xiaoyubb/xiangmu/app_sdk_v2/build/CMakeFiles/CMakeTmp' '-I' '/home/xiaoyubb/xiangmu/app_sdk_v2/build/CMakeFiles/CMakeTmp/lvgl/demos' '-I' '/home/xiaoyubb/xiangmu/app_sdk_v2/platform/t113/include' '-I' '/home/xiaoyubb/xiangmu/app_sdk_v2/platform/t113/include/freetype'  '-mtune=cortex-a7' '-mfpu=neon' '-mfloat-abi=hard' '-O0' '-rdynamic' '-g' '-funwind-tables' '-ffunction-sections' '-o' 'CMakeFiles/cmTC_aee35.dir/CMakeCCompilerABI.c.o' '-c' '-mtls-dialect=gnu' '-marm' '-march=armv7-a+simd'
 /home/xiaoyubb/Downloads/toolchain-sunxi-glibc-gcc-830/toolchain/bin/../lib/gcc/arm-openwrt-linux-gnueabi/8.3.0/../../../../arm-openwrt-linux-gnueabi/bin/as -v -I /home/xiaoyubb/xiangmu/app_sdk_v2/platform/t113/src/porting -I /home/xiaoyubb/xiangmu/app_sdk_v2/build/CMakeFiles/CMakeTmp -I /home/xiaoyubb/xiangmu/app_sdk_v2/build/CMakeFiles/CMakeTmp/lvgl/demos -I /home/xiaoyubb/xiangmu/app_sdk_v2/platform/t113/include -I /home/xiaoyubb/xiangmu/app_sdk_v2/platform/t113/include/freetype -march=armv7-a -mfloat-abi=hard -mfpu=neon -meabi=5 -o CMakeFiles/cmTC_aee35.dir/CMakeCCompilerABI.c.o /tmp/cc0TIQpe.s
GNU assembler version 2.28 (arm-openwrt-linux-gnueabi) using BFD version (GNU Binutils) 2.28
COMPILER_PATH=/home/xiaoyubb/Downloads/toolchain-sunxi-glibc-gcc-830/toolchain/bin/../libexec/gcc/arm-openwrt-linux-gnueabi/8.3.0/:/home/xiaoyubb/Downloads/toolchain-sunxi-glibc-gcc-830/toolchain/bin/../libexec/gcc/:/home/xiaoyubb/Downloads/toolchain-sunxi-glibc-gcc-830/toolchain/bin/../lib/gcc/arm-openwrt-linux-gnueabi/8.3.0/../../../../arm-openwrt-linux-gnueabi/bin/
LIBRARY_PATH=/home/xiaoyubb/Downloads/toolchain-sunxi-glibc-gcc-830/toolchain/bin/../lib/gcc/arm-openwrt-linux-gnueabi/8.3.0/:/home/xiaoyubb/Downloads/toolchain-sunxi-glibc-gcc-830/toolchain/bin/../lib/gcc/:/home/xiaoyubb/Downloads/toolchain-sunxi-glibc-gcc-830/toolchain/bin/../lib/gcc/arm-openwrt-linux-gnueabi/8.3.0/../../../../arm-openwrt-linux-gnueabi/lib/
COLLECT_GCC_OPTIONS='-v' '-I' '/home/xiaoyubb/xiangmu/app_sdk_v2/platform/t113/src/porting' '-I' '/home/xiaoyubb/xiangmu/app_sdk_v2/build/CMakeFiles/CMakeTmp' '-I' '/home/xiaoyubb/xiangmu/app_sdk_v2/build/CMakeFiles/CMakeTmp/lvgl/demos' '-I' '/home/xiaoyubb/xiangmu/app_sdk_v2/platform/t113/include' '-I' '/home/xiaoyubb/xiangmu/app_sdk_v2/platform/t113/include/freetype'  '-mtune=cortex-a7' '-mfpu=neon' '-mfloat-abi=hard' '-O0' '-rdynamic' '-g' '-funwind-tables' '-ffunction-sections' '-o' 'CMakeFiles/cmTC_aee35.dir/CMakeCCompilerABI.c.o' '-c' '-mtls-dialect=gnu' '-marm' '-march=armv7-a+simd'
Linking C executable cmTC_aee35
/usr/bin/cmake -E cmake_link_script CMakeFiles/cmTC_aee35.dir/link.txt --verbose=1
/home/xiaoyubb/Downloads/toolchain-sunxi-glibc-gcc-830/toolchain/bin/arm-openwrt-linux-gcc     -v -L/home/xiaoyubb/xiangmu/app_sdk_v2/platform/t113/lib -L/home/xiaoyubb/xiangmu/app_sdk_v2/build/CMakeFiles/CMakeTmp/wifi/libs/ -L/home/xiaoyubb/xiangmu/app_sdk_v2/build/CMakeFiles/CMakeTmp/net/libs/ -lpthread -lfreetype -lrt -ldl -znow -zrelro -luapi -lm -lz -lbz2 -O0 -rdynamic -g -funwind-tables -ffunction-sections -fPIC -Wl,-gc-sections CMakeFiles/cmTC_aee35.dir/CMakeCCompilerABI.c.o  -o cmTC_aee35 
Reading specs from /home/xiaoyubb/Downloads/toolchain-sunxi-glibc-gcc-830/toolchain/bin/../lib/gcc/arm-openwrt-linux-gnueabi/8.3.0/specs
COLLECT_GCC=arm-openwrt-linux-gnueabi-gcc.bin
COLLECT_LTO_WRAPPER=/home/xiaoyubb/Downloads/toolchain-sunxi-glibc-gcc-830/toolchain/bin/../libexec/gcc/arm-openwrt-linux-gnueabi/8.3.0/lto-wrapper
Target: arm-openwrt-linux-gnueabi
Configured with: /home/xuqiang/workspace/tina-r528/out/v853-perf1/compile_dir/toolchain/gcc-8.3.0/configure --with-bugurl=https://dev.openwrt.org/ --with-pkgversion='OpenWrt/CodeSourcery GCC 8.3.0 2021.08' --prefix=/home/xuqiang/workspace/tina-r528/out/v853-perf1/staging_dir/toolchain --build=x86_64-linux-gnu --host=x86_64-linux-gnu --target=arm-openwrt-linux-gnueabi --with-gnu-ld --enable-target-optspace --enable-libgomp --disable-libmudflap --disable-multilib --disable-nls --without-isl --without-cloog --with-host-libstdcxx=-lstdc++ --with-gmp=/home/xuqiang/workspace/tina-r528/out/host --with-mpfr=/home/xuqiang/workspace/tina-r528/out/host --with-mpc=/home/xuqiang/workspace/tina-r528/out/host --disable-decimal-float --with-diagnostics-color=auto-if-env --enable-libssp --enable-__cxa_atexit --with-cpu=cortex-a7 --with-fpu=neon --with-float=hard --with-headers=/home/xuqiang/workspace/tina-r528/out/v853-perf1/staging_dir/toolchain/include --enable-libsanitizer --enable-languages=c,c++,fortran --enable-shared --enable-threads --with-slibdir=/home/xuqiang/workspace/tina-r528/out/v853-perf1/staging_dir/toolchain/lib --enable-lto --with-libelf=/home/xuqiang/workspace/tina-r528/out/host
Thread model: posix
gcc version 8.3.0 (OpenWrt/CodeSourcery GCC 8.3.0 2021.08) 
COMPILER_PATH=/home/xiaoyubb/Downloads/toolchain-sunxi-glibc-gcc-830/toolchain/bin/../libexec/gcc/arm-openwrt-linux-gnueabi/8.3.0/:/home/xiaoyubb/Downloads/toolchain-sunxi-glibc-gcc-830/toolchain/bin/../libexec/gcc/:/home/xiaoyubb/Downloads/toolchain-sunxi-glibc-gcc-830/toolchain/bin/../lib/gcc/arm-openwrt-linux-gnueabi/8.3.0/../../../../arm-openwrt-linux-gnueabi/bin/
LIBRARY_PATH=/home/xiaoyubb/Downloads/toolchain-sunxi-glibc-gcc-830/toolchain/bin/../lib/gcc/arm-openwrt-linux-gnueabi/8.3.0/:/home/xiaoyubb/Downloads/toolchain-sunxi-glibc-gcc-830/toolchain/bin/../lib/gcc/:/home/xiaoyubb/Downloads/toolchain-sunxi-glibc-gcc-830/toolchain/bin/../lib/gcc/arm-openwrt-linux-gnueabi/8.3.0/../../../../arm-openwrt-linux-gnueabi/lib/
COLLECT_GCC_OPTIONS='-v' '-L/home/xiaoyubb/xiangmu/app_sdk_v2/platform/t113/lib' '-L/home/xiaoyubb/xiangmu/app_sdk_v2/build/CMakeFiles/CMakeTmp/wifi/libs/' '-L/home/xiaoyubb/xiangmu/app_sdk_v2/build/CMakeFiles/CMakeTmp/net/libs/' '-z' 'now' '-z' 'relro' '-O0' '-rdynamic' '-g' '-funwind-tables' '-ffunction-sections' '-fPIC' '-o' 'cmTC_aee35' '-mcpu=cortex-a7' '-mfloat-abi=hard' '-mfpu=neon' '-mtls-dialect=gnu' '-marm' '-march=armv7ve+neon'
 /home/xiaoyubb/Downloads/toolchain-sunxi-glibc-gcc-830/toolchain/bin/../libexec/gcc/arm-openwrt-linux-gnueabi/8.3.0/collect2 -plugin /home/xiaoyubb/Downloads/toolchain-sunxi-glibc-gcc-830/toolchain/bin/../libexec/gcc/arm-openwrt-linux-gnueabi/8.3.0/liblto_plugin.so -plugin-opt=/home/xiaoyubb/Downloads/toolchain-sunxi-glibc-gcc-830/toolchain/bin/../libexec/gcc/arm-openwrt-linux-gnueabi/8.3.0/lto-wrapper -plugin-opt=-fresolution=/tmp/ccZMIfNR.res -plugin-opt=-pass-through=-lgcc -plugin-opt=-pass-through=-lgcc_s -plugin-opt=-pass-through=-lc -plugin-opt=-pass-through=-lgcc -plugin-opt=-pass-through=-lgcc_s --eh-frame-hdr -export-dynamic -dynamic-linker /lib/ld-linux-armhf.so.3 -X -m armelf_linux_eabi -o cmTC_aee35 -z now -z relro /home/xiaoyubb/Downloads/toolchain-sunxi-glibc-gcc-830/toolchain/bin/../lib/gcc/arm-openwrt-linux-gnueabi/8.3.0/../../../../arm-openwrt-linux-gnueabi/lib/crt1.o /home/xiaoyubb/Downloads/toolchain-sunxi-glibc-gcc-830/toolchain/bin/../lib/gcc/arm-openwrt-linux-gnueabi/8.3.0/../../../../arm-openwrt-linux-gnueabi/lib/crti.o /home/xiaoyubb/Downloads/toolchain-sunxi-glibc-gcc-830/toolchain/bin/../lib/gcc/arm-openwrt-linux-gnueabi/8.3.0/crtbegin.o -L/home/xiaoyubb/xiangmu/app_sdk_v2/platform/t113/lib -L/home/xiaoyubb/xiangmu/app_sdk_v2/build/CMakeFiles/CMakeTmp/wifi/libs/ -L/home/xiaoyubb/xiangmu/app_sdk_v2/build/CMakeFiles/CMakeTmp/net/libs/ -L /home/xiaoyubb/Downloads/toolchain-sunxi-glibc-gcc-830/toolchain/bin:/home/xiaoyubb/Downloads/toolchain-sunxi-glibc-gcc-830/toolchain/bin:/home/xiaoyubb/Downloads/toolchain-sunxi-glibc-gcc-830/toolchain/bin:/usr/lib -rpath-link /home/xiaoyubb/Downloads/toolchain-sunxi-glibc-gcc-830/toolchain/bin:/home/xiaoyubb/Downloads/toolchain-sunxi-glibc-gcc-830/toolchain/bin:/home/xiaoyubb/Downloads/toolchain-sunxi-glibc-gcc-830/toolchain/bin:/usr/lib -L/home/xiaoyubb/Downloads/toolchain-sunxi-glibc-gcc-830/toolchain/bin/../lib/gcc/arm-openwrt-linux-gnueabi/8.3.0 -L/home/xiaoyubb/Downloads/toolchain-sunxi-glibc-gcc-830/toolchain/bin/../lib/gcc -L/home/xiaoyubb/Downloads/toolchain-sunxi-glibc-gcc-830/toolchain/bin/../lib/gcc/arm-openwrt-linux-gnueabi/8.3.0/../../../../arm-openwrt-linux-gnueabi/lib -lpthread -lfreetype -lrt -ldl -luapi -lm -lz -lbz2 -gc-sections CMakeFiles/cmTC_aee35.dir/CMakeCCompilerABI.c.o -lgcc --as-needed -lgcc_s --no-as-needed -lc -lgcc --as-needed -lgcc_s --no-as-needed /home/xiaoyubb/Downloads/toolchain-sunxi-glibc-gcc-830/toolchain/bin/../lib/gcc/arm-openwrt-linux-gnueabi/8.3.0/crtend.o /home/xiaoyubb/Downloads/toolchain-sunxi-glibc-gcc-830/toolchain/bin/../lib/gcc/arm-openwrt-linux-gnueabi/8.3.0/../../../../arm-openwrt-linux-gnueabi/lib/crtn.o
COLLECT_GCC_OPTIONS='-v' '-L/home/xiaoyubb/xiangmu/app_sdk_v2/platform/t113/lib' '-L/home/xiaoyubb/xiangmu/app_sdk_v2/build/CMakeFiles/CMakeTmp/wifi/libs/' '-L/home/xiaoyubb/xiangmu/app_sdk_v2/build/CMakeFiles/CMakeTmp/net/libs/' '-z' 'now' '-z' 'relro' '-O0' '-rdynamic' '-g' '-funwind-tables' '-ffunction-sections' '-fPIC' '-o' 'cmTC_aee35' '-mcpu=cortex-a7' '-mfloat-abi=hard' '-mfpu=neon' '-mtls-dialect=gnu' '-marm' '-march=armv7ve+neon'
make[1]: Leaving directory '/home/xiaoyubb/xiangmu/app_sdk_v2/build/CMakeFiles/CMakeTmp'



Parsed C implicit include dir info from above output: rv=done
  found start of include info
  found start of implicit include info
    add: [/home/xiaoyubb/xiangmu/app_sdk_v2/platform/t113/src/porting]
    add: [/home/xiaoyubb/xiangmu/app_sdk_v2/build/CMakeFiles/CMakeTmp]
    add: [/home/xiaoyubb/xiangmu/app_sdk_v2/platform/t113/include]
    add: [/home/xiaoyubb/xiangmu/app_sdk_v2/platform/t113/include/freetype]
    add: [/home/xiaoyubb/Downloads/toolchain-sunxi-glibc-gcc-830/toolchain/bin/../lib/gcc/arm-openwrt-linux-gnueabi/8.3.0/include]
    add: [/home/xiaoyubb/Downloads/toolchain-sunxi-glibc-gcc-830/toolchain/bin/../lib/gcc/arm-openwrt-linux-gnueabi/8.3.0/include-fixed]
    add: [/home/xiaoyubb/Downloads/toolchain-sunxi-glibc-gcc-830/toolchain/bin/../lib/gcc/arm-openwrt-linux-gnueabi/8.3.0/../../../../arm-openwrt-linux-gnueabi/sys-include]
    add: [/home/xiaoyubb/Downloads/toolchain-sunxi-glibc-gcc-830/toolchain/bin/../lib/gcc/arm-openwrt-linux-gnueabi/8.3.0/../../../../arm-openwrt-linux-gnueabi/include]
  end of search list found
  collapse include dir [/home/xiaoyubb/xiangmu/app_sdk_v2/platform/t113/src/porting] ==> [/home/xiaoyubb/xiangmu/app_sdk_v2/platform/t113/src/porting]
  collapse include dir [/home/xiaoyubb/xiangmu/app_sdk_v2/build/CMakeFiles/CMakeTmp] ==> [/home/xiaoyubb/xiangmu/app_sdk_v2/build/CMakeFiles/CMakeTmp]
  collapse include dir [/home/xiaoyubb/xiangmu/app_sdk_v2/platform/t113/include] ==> [/home/xiaoyubb/xiangmu/app_sdk_v2/platform/t113/include]
  collapse include dir [/home/xiaoyubb/xiangmu/app_sdk_v2/platform/t113/include/freetype] ==> [/home/xiaoyubb/xiangmu/app_sdk_v2/platform/t113/include/freetype]
  collapse include dir [/home/xiaoyubb/Downloads/toolchain-sunxi-glibc-gcc-830/toolchain/bin/../lib/gcc/arm-openwrt-linux-gnueabi/8.3.0/include] ==> [/home/xiaoyubb/Downloads/toolchain-sunxi-glibc-gcc-830/toolchain/lib/gcc/arm-openwrt-linux-gnueabi/8.3.0/include]
  collapse include dir [/home/xiaoyubb/Downloads/toolchain-sunxi-glibc-gcc-830/toolchain/bin/../lib/gcc/arm-openwrt-linux-gnueabi/8.3.0/include-fixed] ==> [/home/xiaoyubb/Downloads/toolchain-sunxi-glibc-gcc-830/toolchain/lib/gcc/arm-openwrt-linux-gnueabi/8.3.0/include-fixed]
  collapse include dir [/home/xiaoyubb/Downloads/toolchain-sunxi-glibc-gcc-830/toolchain/bin/../lib/gcc/arm-openwrt-linux-gnueabi/8.3.0/../../../../arm-openwrt-linux-gnueabi/sys-include] ==> [/home/xiaoyubb/Downloads/toolchain-sunxi-glibc-gcc-830/toolchain/arm-openwrt-linux-gnueabi/sys-include]
  collapse include dir [/home/xiaoyubb/Downloads/toolchain-sunxi-glibc-gcc-830/toolchain/bin/../lib/gcc/arm-openwrt-linux-gnueabi/8.3.0/../../../../arm-openwrt-linux-gnueabi/include] ==> [/home/xiaoyubb/Downloads/toolchain-sunxi-glibc-gcc-830/toolchain/arm-openwrt-linux-gnueabi/include]
  implicit include dirs: [/home/xiaoyubb/xiangmu/app_sdk_v2/platform/t113/src/porting;/home/xiaoyubb/xiangmu/app_sdk_v2/build/CMakeFiles/CMakeTmp;/home/xiaoyubb/xiangmu/app_sdk_v2/platform/t113/include;/home/xiaoyubb/xiangmu/app_sdk_v2/platform/t113/include/freetype;/home/xiaoyubb/Downloads/toolchain-sunxi-glibc-gcc-830/toolchain/lib/gcc/arm-openwrt-linux-gnueabi/8.3.0/include;/home/xiaoyubb/Downloads/toolchain-sunxi-glibc-gcc-830/toolchain/lib/gcc/arm-openwrt-linux-gnueabi/8.3.0/include-fixed;/home/xiaoyubb/Downloads/toolchain-sunxi-glibc-gcc-830/toolchain/arm-openwrt-linux-gnueabi/sys-include;/home/xiaoyubb/Downloads/toolchain-sunxi-glibc-gcc-830/toolchain/arm-openwrt-linux-gnueabi/include]


Parsed C implicit link information from above output:
  link line regex: [^( *|.*[/\])(arm-openwrt-linux-ld|CMAKE_LINK_STARTFILE-NOTFOUND|([^/\]+-)?ld|collect2)[^/\]*( |$)]
  ignore line: [Change Dir: /home/xiaoyubb/xiangmu/app_sdk_v2/build/CMakeFiles/CMakeTmp]
  ignore line: []
  ignore line: [Run Build Command(s):/usr/bin/make cmTC_aee35/fast && /usr/bin/make -f CMakeFiles/cmTC_aee35.dir/build.make CMakeFiles/cmTC_aee35.dir/build]
  ignore line: [make[1]: Entering directory '/home/xiaoyubb/xiangmu/app_sdk_v2/build/CMakeFiles/CMakeTmp']
  ignore line: [Building C object CMakeFiles/cmTC_aee35.dir/CMakeCCompilerABI.c.o]
  ignore line: [/home/xiaoyubb/Downloads/toolchain-sunxi-glibc-gcc-830/toolchain/bin/arm-openwrt-linux-gcc   -v -I/home/xiaoyubb/xiangmu/app_sdk_v2/platform/t113/src/porting -I/home/xiaoyubb/xiangmu/app_sdk_v2/build/CMakeFiles/CMakeTmp -I/home/xiaoyubb/xiangmu/app_sdk_v2/build/CMakeFiles/CMakeTmp/lvgl/demos -I/home/xiaoyubb/xiangmu/app_sdk_v2/platform/t113/include -I/home/xiaoyubb/xiangmu/app_sdk_v2/platform/t113/include/freetype -march=armv7-a -mtune=cortex-a7 -mfpu=neon -mfloat-abi=hard -O0 -ldl -rdynamic -g -funwind-tables -ffunction-sections -o CMakeFiles/cmTC_aee35.dir/CMakeCCompilerABI.c.o   -c /usr/share/cmake-3.16/Modules/CMakeCCompilerABI.c]
  ignore line: [Reading specs from /home/xiaoyubb/Downloads/toolchain-sunxi-glibc-gcc-830/toolchain/bin/../lib/gcc/arm-openwrt-linux-gnueabi/8.3.0/specs]
  ignore line: [COLLECT_GCC=arm-openwrt-linux-gnueabi-gcc.bin]
  ignore line: [Target: arm-openwrt-linux-gnueabi]
  ignore line: [Configured with: /home/xuqiang/workspace/tina-r528/out/v853-perf1/compile_dir/toolchain/gcc-8.3.0/configure --with-bugurl=https://dev.openwrt.org/ --with-pkgversion='OpenWrt/CodeSourcery GCC 8.3.0 2021.08' --prefix=/home/xuqiang/workspace/tina-r528/out/v853-perf1/staging_dir/toolchain --build=x86_64-linux-gnu --host=x86_64-linux-gnu --target=arm-openwrt-linux-gnueabi --with-gnu-ld --enable-target-optspace --enable-libgomp --disable-libmudflap --disable-multilib --disable-nls --without-isl --without-cloog --with-host-libstdcxx=-lstdc++ --with-gmp=/home/xuqiang/workspace/tina-r528/out/host --with-mpfr=/home/xuqiang/workspace/tina-r528/out/host --with-mpc=/home/xuqiang/workspace/tina-r528/out/host --disable-decimal-float --with-diagnostics-color=auto-if-env --enable-libssp --enable-__cxa_atexit --with-cpu=cortex-a7 --with-fpu=neon --with-float=hard --with-headers=/home/xuqiang/workspace/tina-r528/out/v853-perf1/staging_dir/toolchain/include --enable-libsanitizer --enable-languages=c,c++,fortran --enable-shared --enable-threads --with-slibdir=/home/xuqiang/workspace/tina-r528/out/v853-perf1/staging_dir/toolchain/lib --enable-lto --with-libelf=/home/xuqiang/workspace/tina-r528/out/host]
  ignore line: [Thread model: posix]
  ignore line: [gcc version 8.3.0 (OpenWrt/CodeSourcery GCC 8.3.0 2021.08) ]
  ignore line: [COLLECT_GCC_OPTIONS='-v' '-I' '/home/xiaoyubb/xiangmu/app_sdk_v2/platform/t113/src/porting' '-I' '/home/xiaoyubb/xiangmu/app_sdk_v2/build/CMakeFiles/CMakeTmp' '-I' '/home/xiaoyubb/xiangmu/app_sdk_v2/build/CMakeFiles/CMakeTmp/lvgl/demos' '-I' '/home/xiaoyubb/xiangmu/app_sdk_v2/platform/t113/include' '-I' '/home/xiaoyubb/xiangmu/app_sdk_v2/platform/t113/include/freetype'  '-mtune=cortex-a7' '-mfpu=neon' '-mfloat-abi=hard' '-O0' '-rdynamic' '-g' '-funwind-tables' '-ffunction-sections' '-o' 'CMakeFiles/cmTC_aee35.dir/CMakeCCompilerABI.c.o' '-c' '-mtls-dialect=gnu' '-marm' '-march=armv7-a+simd']
  ignore line: [ /home/xiaoyubb/Downloads/toolchain-sunxi-glibc-gcc-830/toolchain/bin/../libexec/gcc/arm-openwrt-linux-gnueabi/8.3.0/cc1 -quiet -v -I /home/xiaoyubb/xiangmu/app_sdk_v2/platform/t113/src/porting -I /home/xiaoyubb/xiangmu/app_sdk_v2/build/CMakeFiles/CMakeTmp -I /home/xiaoyubb/xiangmu/app_sdk_v2/build/CMakeFiles/CMakeTmp/lvgl/demos -I /home/xiaoyubb/xiangmu/app_sdk_v2/platform/t113/include -I /home/xiaoyubb/xiangmu/app_sdk_v2/platform/t113/include/freetype -iprefix /home/xiaoyubb/Downloads/toolchain-sunxi-glibc-gcc-830/toolchain/bin/../lib/gcc/arm-openwrt-linux-gnueabi/8.3.0/ -idirafter /home/xiaoyubb/Downloads/toolchain-sunxi-glibc-gcc-830/toolchain/bin:/home/xiaoyubb/Downloads/toolchain-sunxi-glibc-gcc-830/toolchain/bin:/home/xiaoyubb/Downloads/toolchain-sunxi-glibc-gcc-830/toolchain/bin:/usr/include /usr/share/cmake-3.16/Modules/CMakeCCompilerABI.c -quiet -dumpbase CMakeCCompilerABI.c -mtune=cortex-a7 -mfpu=neon -mfloat-abi=hard -mtls-dialect=gnu -marm -march=armv7-a+simd -auxbase-strip CMakeFiles/cmTC_aee35.dir/CMakeCCompilerABI.c.o -g -O0 -version -funwind-tables -ffunction-sections -o /tmp/cc0TIQpe.s]
  ignore line: [GNU C17 (OpenWrt/CodeSourcery GCC 8.3.0 2021.08) version 8.3.0 (arm-openwrt-linux-gnueabi)]
  ignore line: [	compiled by GNU C version 4.8.4  GMP version 6.1.0  MPFR version 3.1.3  MPC version 1.0.3  isl version none]
  ignore line: [GGC heuristics: --param ggc-min-expand=100 --param ggc-min-heapsize=131072]
  ignore line: [ignoring duplicate directory "/home/xiaoyubb/Downloads/toolchain-sunxi-glibc-gcc-830/toolchain/bin/../lib/gcc/../../lib/gcc/arm-openwrt-linux-gnueabi/8.3.0/include"]
  ignore line: [ignoring duplicate directory "/home/xiaoyubb/Downloads/toolchain-sunxi-glibc-gcc-830/toolchain/bin/../lib/gcc/../../lib/gcc/arm-openwrt-linux-gnueabi/8.3.0/include-fixed"]
  ignore line: [ignoring duplicate directory "/home/xiaoyubb/Downloads/toolchain-sunxi-glibc-gcc-830/toolchain/bin/../lib/gcc/../../lib/gcc/arm-openwrt-linux-gnueabi/8.3.0/../../../../arm-openwrt-linux-gnueabi/sys-include"]
  ignore line: [ignoring duplicate directory "/home/xiaoyubb/Downloads/toolchain-sunxi-glibc-gcc-830/toolchain/bin/../lib/gcc/../../lib/gcc/arm-openwrt-linux-gnueabi/8.3.0/../../../../arm-openwrt-linux-gnueabi/include"]
  ignore line: [ignoring nonexistent directory "/home/xiaoyubb/Downloads/toolchain-sunxi-glibc-gcc-830/toolchain/bin:/home/xiaoyubb/Downloads/toolchain-sunxi-glibc-gcc-830/toolchain/bin:/home/xiaoyubb/Downloads/toolchain-sunxi-glibc-gcc-830/toolchain/bin:/usr/include"]
  ignore line: [ignoring nonexistent directory "/home/xiaoyubb/xiangmu/app_sdk_v2/build/CMakeFiles/CMakeTmp/lvgl/demos"]
  ignore line: [#include "..." search starts here:]
  ignore line: [#include <...> search starts here:]
  ignore line: [ /home/xiaoyubb/xiangmu/app_sdk_v2/platform/t113/src/porting]
  ignore line: [ /home/xiaoyubb/xiangmu/app_sdk_v2/build/CMakeFiles/CMakeTmp]
  ignore line: [ /home/xiaoyubb/xiangmu/app_sdk_v2/platform/t113/include]
  ignore line: [ /home/xiaoyubb/xiangmu/app_sdk_v2/platform/t113/include/freetype]
  ignore line: [ /home/xiaoyubb/Downloads/toolchain-sunxi-glibc-gcc-830/toolchain/bin/../lib/gcc/arm-openwrt-linux-gnueabi/8.3.0/include]
  ignore line: [ /home/xiaoyubb/Downloads/toolchain-sunxi-glibc-gcc-830/toolchain/bin/../lib/gcc/arm-openwrt-linux-gnueabi/8.3.0/include-fixed]
  ignore line: [ /home/xiaoyubb/Downloads/toolchain-sunxi-glibc-gcc-830/toolchain/bin/../lib/gcc/arm-openwrt-linux-gnueabi/8.3.0/../../../../arm-openwrt-linux-gnueabi/sys-include]
  ignore line: [ /home/xiaoyubb/Downloads/toolchain-sunxi-glibc-gcc-830/toolchain/bin/../lib/gcc/arm-openwrt-linux-gnueabi/8.3.0/../../../../arm-openwrt-linux-gnueabi/include]
  ignore line: [End of search list.]
  ignore line: [GNU C17 (OpenWrt/CodeSourcery GCC 8.3.0 2021.08) version 8.3.0 (arm-openwrt-linux-gnueabi)]
  ignore line: [	compiled by GNU C version 4.8.4  GMP version 6.1.0  MPFR version 3.1.3  MPC version 1.0.3  isl version none]
  ignore line: [GGC heuristics: --param ggc-min-expand=100 --param ggc-min-heapsize=131072]
  ignore line: [Compiler executable checksum: a3b0939f9eecabf6dbe8df2649638084]
  ignore line: [COLLECT_GCC_OPTIONS='-v' '-I' '/home/xiaoyubb/xiangmu/app_sdk_v2/platform/t113/src/porting' '-I' '/home/xiaoyubb/xiangmu/app_sdk_v2/build/CMakeFiles/CMakeTmp' '-I' '/home/xiaoyubb/xiangmu/app_sdk_v2/build/CMakeFiles/CMakeTmp/lvgl/demos' '-I' '/home/xiaoyubb/xiangmu/app_sdk_v2/platform/t113/include' '-I' '/home/xiaoyubb/xiangmu/app_sdk_v2/platform/t113/include/freetype'  '-mtune=cortex-a7' '-mfpu=neon' '-mfloat-abi=hard' '-O0' '-rdynamic' '-g' '-funwind-tables' '-ffunction-sections' '-o' 'CMakeFiles/cmTC_aee35.dir/CMakeCCompilerABI.c.o' '-c' '-mtls-dialect=gnu' '-marm' '-march=armv7-a+simd']
  ignore line: [ /home/xiaoyubb/Downloads/toolchain-sunxi-glibc-gcc-830/toolchain/bin/../lib/gcc/arm-openwrt-linux-gnueabi/8.3.0/../../../../arm-openwrt-linux-gnueabi/bin/as -v -I /home/xiaoyubb/xiangmu/app_sdk_v2/platform/t113/src/porting -I /home/xiaoyubb/xiangmu/app_sdk_v2/build/CMakeFiles/CMakeTmp -I /home/xiaoyubb/xiangmu/app_sdk_v2/build/CMakeFiles/CMakeTmp/lvgl/demos -I /home/xiaoyubb/xiangmu/app_sdk_v2/platform/t113/include -I /home/xiaoyubb/xiangmu/app_sdk_v2/platform/t113/include/freetype -march=armv7-a -mfloat-abi=hard -mfpu=neon -meabi=5 -o CMakeFiles/cmTC_aee35.dir/CMakeCCompilerABI.c.o /tmp/cc0TIQpe.s]
  ignore line: [GNU assembler version 2.28 (arm-openwrt-linux-gnueabi) using BFD version (GNU Binutils) 2.28]
  ignore line: [COMPILER_PATH=/home/xiaoyubb/Downloads/toolchain-sunxi-glibc-gcc-830/toolchain/bin/../libexec/gcc/arm-openwrt-linux-gnueabi/8.3.0/:/home/xiaoyubb/Downloads/toolchain-sunxi-glibc-gcc-830/toolchain/bin/../libexec/gcc/:/home/xiaoyubb/Downloads/toolchain-sunxi-glibc-gcc-830/toolchain/bin/../lib/gcc/arm-openwrt-linux-gnueabi/8.3.0/../../../../arm-openwrt-linux-gnueabi/bin/]
  ignore line: [LIBRARY_PATH=/home/xiaoyubb/Downloads/toolchain-sunxi-glibc-gcc-830/toolchain/bin/../lib/gcc/arm-openwrt-linux-gnueabi/8.3.0/:/home/xiaoyubb/Downloads/toolchain-sunxi-glibc-gcc-830/toolchain/bin/../lib/gcc/:/home/xiaoyubb/Downloads/toolchain-sunxi-glibc-gcc-830/toolchain/bin/../lib/gcc/arm-openwrt-linux-gnueabi/8.3.0/../../../../arm-openwrt-linux-gnueabi/lib/]
  ignore line: [COLLECT_GCC_OPTIONS='-v' '-I' '/home/xiaoyubb/xiangmu/app_sdk_v2/platform/t113/src/porting' '-I' '/home/xiaoyubb/xiangmu/app_sdk_v2/build/CMakeFiles/CMakeTmp' '-I' '/home/xiaoyubb/xiangmu/app_sdk_v2/build/CMakeFiles/CMakeTmp/lvgl/demos' '-I' '/home/xiaoyubb/xiangmu/app_sdk_v2/platform/t113/include' '-I' '/home/xiaoyubb/xiangmu/app_sdk_v2/platform/t113/include/freetype'  '-mtune=cortex-a7' '-mfpu=neon' '-mfloat-abi=hard' '-O0' '-rdynamic' '-g' '-funwind-tables' '-ffunction-sections' '-o' 'CMakeFiles/cmTC_aee35.dir/CMakeCCompilerABI.c.o' '-c' '-mtls-dialect=gnu' '-marm' '-march=armv7-a+simd']
  ignore line: [Linking C executable cmTC_aee35]
  ignore line: [/usr/bin/cmake -E cmake_link_script CMakeFiles/cmTC_aee35.dir/link.txt --verbose=1]
  ignore line: [/home/xiaoyubb/Downloads/toolchain-sunxi-glibc-gcc-830/toolchain/bin/arm-openwrt-linux-gcc     -v -L/home/xiaoyubb/xiangmu/app_sdk_v2/platform/t113/lib -L/home/xiaoyubb/xiangmu/app_sdk_v2/build/CMakeFiles/CMakeTmp/wifi/libs/ -L/home/xiaoyubb/xiangmu/app_sdk_v2/build/CMakeFiles/CMakeTmp/net/libs/ -lpthread -lfreetype -lrt -ldl -znow -zrelro -luapi -lm -lz -lbz2 -O0 -rdynamic -g -funwind-tables -ffunction-sections -fPIC -Wl,-gc-sections CMakeFiles/cmTC_aee35.dir/CMakeCCompilerABI.c.o  -o cmTC_aee35 ]
  ignore line: [Reading specs from /home/xiaoyubb/Downloads/toolchain-sunxi-glibc-gcc-830/toolchain/bin/../lib/gcc/arm-openwrt-linux-gnueabi/8.3.0/specs]
  ignore line: [COLLECT_GCC=arm-openwrt-linux-gnueabi-gcc.bin]
  ignore line: [COLLECT_LTO_WRAPPER=/home/xiaoyubb/Downloads/toolchain-sunxi-glibc-gcc-830/toolchain/bin/../libexec/gcc/arm-openwrt-linux-gnueabi/8.3.0/lto-wrapper]
  ignore line: [Target: arm-openwrt-linux-gnueabi]
  ignore line: [Configured with: /home/xuqiang/workspace/tina-r528/out/v853-perf1/compile_dir/toolchain/gcc-8.3.0/configure --with-bugurl=https://dev.openwrt.org/ --with-pkgversion='OpenWrt/CodeSourcery GCC 8.3.0 2021.08' --prefix=/home/xuqiang/workspace/tina-r528/out/v853-perf1/staging_dir/toolchain --build=x86_64-linux-gnu --host=x86_64-linux-gnu --target=arm-openwrt-linux-gnueabi --with-gnu-ld --enable-target-optspace --enable-libgomp --disable-libmudflap --disable-multilib --disable-nls --without-isl --without-cloog --with-host-libstdcxx=-lstdc++ --with-gmp=/home/xuqiang/workspace/tina-r528/out/host --with-mpfr=/home/xuqiang/workspace/tina-r528/out/host --with-mpc=/home/xuqiang/workspace/tina-r528/out/host --disable-decimal-float --with-diagnostics-color=auto-if-env --enable-libssp --enable-__cxa_atexit --with-cpu=cortex-a7 --with-fpu=neon --with-float=hard --with-headers=/home/xuqiang/workspace/tina-r528/out/v853-perf1/staging_dir/toolchain/include --enable-libsanitizer --enable-languages=c,c++,fortran --enable-shared --enable-threads --with-slibdir=/home/xuqiang/workspace/tina-r528/out/v853-perf1/staging_dir/toolchain/lib --enable-lto --with-libelf=/home/xuqiang/workspace/tina-r528/out/host]
  ignore line: [Thread model: posix]
  ignore line: [gcc version 8.3.0 (OpenWrt/CodeSourcery GCC 8.3.0 2021.08) ]
  ignore line: [COMPILER_PATH=/home/xiaoyubb/Downloads/toolchain-sunxi-glibc-gcc-830/toolchain/bin/../libexec/gcc/arm-openwrt-linux-gnueabi/8.3.0/:/home/xiaoyubb/Downloads/toolchain-sunxi-glibc-gcc-830/toolchain/bin/../libexec/gcc/:/home/xiaoyubb/Downloads/toolchain-sunxi-glibc-gcc-830/toolchain/bin/../lib/gcc/arm-openwrt-linux-gnueabi/8.3.0/../../../../arm-openwrt-linux-gnueabi/bin/]
  ignore line: [LIBRARY_PATH=/home/xiaoyubb/Downloads/toolchain-sunxi-glibc-gcc-830/toolchain/bin/../lib/gcc/arm-openwrt-linux-gnueabi/8.3.0/:/home/xiaoyubb/Downloads/toolchain-sunxi-glibc-gcc-830/toolchain/bin/../lib/gcc/:/home/xiaoyubb/Downloads/toolchain-sunxi-glibc-gcc-830/toolchain/bin/../lib/gcc/arm-openwrt-linux-gnueabi/8.3.0/../../../../arm-openwrt-linux-gnueabi/lib/]
  ignore line: [COLLECT_GCC_OPTIONS='-v' '-L/home/xiaoyubb/xiangmu/app_sdk_v2/platform/t113/lib' '-L/home/xiaoyubb/xiangmu/app_sdk_v2/build/CMakeFiles/CMakeTmp/wifi/libs/' '-L/home/xiaoyubb/xiangmu/app_sdk_v2/build/CMakeFiles/CMakeTmp/net/libs/' '-z' 'now' '-z' 'relro' '-O0' '-rdynamic' '-g' '-funwind-tables' '-ffunction-sections' '-fPIC' '-o' 'cmTC_aee35' '-mcpu=cortex-a7' '-mfloat-abi=hard' '-mfpu=neon' '-mtls-dialect=gnu' '-marm' '-march=armv7ve+neon']
  link line: [ /home/xiaoyubb/Downloads/toolchain-sunxi-glibc-gcc-830/toolchain/bin/../libexec/gcc/arm-openwrt-linux-gnueabi/8.3.0/collect2 -plugin /home/xiaoyubb/Downloads/toolchain-sunxi-glibc-gcc-830/toolchain/bin/../libexec/gcc/arm-openwrt-linux-gnueabi/8.3.0/liblto_plugin.so -plugin-opt=/home/xiaoyubb/Downloads/toolchain-sunxi-glibc-gcc-830/toolchain/bin/../libexec/gcc/arm-openwrt-linux-gnueabi/8.3.0/lto-wrapper -plugin-opt=-fresolution=/tmp/ccZMIfNR.res -plugin-opt=-pass-through=-lgcc -plugin-opt=-pass-through=-lgcc_s -plugin-opt=-pass-through=-lc -plugin-opt=-pass-through=-lgcc -plugin-opt=-pass-through=-lgcc_s --eh-frame-hdr -export-dynamic -dynamic-linker /lib/ld-linux-armhf.so.3 -X -m armelf_linux_eabi -o cmTC_aee35 -z now -z relro /home/xiaoyubb/Downloads/toolchain-sunxi-glibc-gcc-830/toolchain/bin/../lib/gcc/arm-openwrt-linux-gnueabi/8.3.0/../../../../arm-openwrt-linux-gnueabi/lib/crt1.o /home/xiaoyubb/Downloads/toolchain-sunxi-glibc-gcc-830/toolchain/bin/../lib/gcc/arm-openwrt-linux-gnueabi/8.3.0/../../../../arm-openwrt-linux-gnueabi/lib/crti.o /home/xiaoyubb/Downloads/toolchain-sunxi-glibc-gcc-830/toolchain/bin/../lib/gcc/arm-openwrt-linux-gnueabi/8.3.0/crtbegin.o -L/home/xiaoyubb/xiangmu/app_sdk_v2/platform/t113/lib -L/home/xiaoyubb/xiangmu/app_sdk_v2/build/CMakeFiles/CMakeTmp/wifi/libs/ -L/home/xiaoyubb/xiangmu/app_sdk_v2/build/CMakeFiles/CMakeTmp/net/libs/ -L /home/xiaoyubb/Downloads/toolchain-sunxi-glibc-gcc-830/toolchain/bin:/home/xiaoyubb/Downloads/toolchain-sunxi-glibc-gcc-830/toolchain/bin:/home/xiaoyubb/Downloads/toolchain-sunxi-glibc-gcc-830/toolchain/bin:/usr/lib -rpath-link /home/xiaoyubb/Downloads/toolchain-sunxi-glibc-gcc-830/toolchain/bin:/home/xiaoyubb/Downloads/toolchain-sunxi-glibc-gcc-830/toolchain/bin:/home/xiaoyubb/Downloads/toolchain-sunxi-glibc-gcc-830/toolchain/bin:/usr/lib -L/home/xiaoyubb/Downloads/toolchain-sunxi-glibc-gcc-830/toolchain/bin/../lib/gcc/arm-openwrt-linux-gnueabi/8.3.0 -L/home/xiaoyubb/Downloads/toolchain-sunxi-glibc-gcc-830/toolchain/bin/../lib/gcc -L/home/xiaoyubb/Downloads/toolchain-sunxi-glibc-gcc-830/toolchain/bin/../lib/gcc/arm-openwrt-linux-gnueabi/8.3.0/../../../../arm-openwrt-linux-gnueabi/lib -lpthread -lfreetype -lrt -ldl -luapi -lm -lz -lbz2 -gc-sections CMakeFiles/cmTC_aee35.dir/CMakeCCompilerABI.c.o -lgcc --as-needed -lgcc_s --no-as-needed -lc -lgcc --as-needed -lgcc_s --no-as-needed /home/xiaoyubb/Downloads/toolchain-sunxi-glibc-gcc-830/toolchain/bin/../lib/gcc/arm-openwrt-linux-gnueabi/8.3.0/crtend.o /home/xiaoyubb/Downloads/toolchain-sunxi-glibc-gcc-830/toolchain/bin/../lib/gcc/arm-openwrt-linux-gnueabi/8.3.0/../../../../arm-openwrt-linux-gnueabi/lib/crtn.o]
    arg [/home/xiaoyubb/Downloads/toolchain-sunxi-glibc-gcc-830/toolchain/bin/../libexec/gcc/arm-openwrt-linux-gnueabi/8.3.0/collect2] ==> ignore
    arg [-plugin] ==> ignore
    arg [/home/xiaoyubb/Downloads/toolchain-sunxi-glibc-gcc-830/toolchain/bin/../libexec/gcc/arm-openwrt-linux-gnueabi/8.3.0/liblto_plugin.so] ==> ignore
    arg [-plugin-opt=/home/xiaoyubb/Downloads/toolchain-sunxi-glibc-gcc-830/toolchain/bin/../libexec/gcc/arm-openwrt-linux-gnueabi/8.3.0/lto-wrapper] ==> ignore
    arg [-plugin-opt=-fresolution=/tmp/ccZMIfNR.res] ==> ignore
    arg [-plugin-opt=-pass-through=-lgcc] ==> ignore
    arg [-plugin-opt=-pass-through=-lgcc_s] ==> ignore
    arg [-plugin-opt=-pass-through=-lc] ==> ignore
    arg [-plugin-opt=-pass-through=-lgcc] ==> ignore
    arg [-plugin-opt=-pass-through=-lgcc_s] ==> ignore
    arg [--eh-frame-hdr] ==> ignore
    arg [-export-dynamic] ==> ignore
    arg [-dynamic-linker] ==> ignore
    arg [/lib/ld-linux-armhf.so.3] ==> ignore
    arg [-X] ==> ignore
    arg [-m] ==> ignore
    arg [armelf_linux_eabi] ==> ignore
    arg [-o] ==> ignore
    arg [cmTC_aee35] ==> ignore
    arg [-znow] ==> ignore
    arg [-zrelro] ==> ignore
    arg [/home/xiaoyubb/Downloads/toolchain-sunxi-glibc-gcc-830/toolchain/bin/../lib/gcc/arm-openwrt-linux-gnueabi/8.3.0/../../../../arm-openwrt-linux-gnueabi/lib/crt1.o] ==> ignore
    arg [/home/xiaoyubb/Downloads/toolchain-sunxi-glibc-gcc-830/toolchain/bin/../lib/gcc/arm-openwrt-linux-gnueabi/8.3.0/../../../../arm-openwrt-linux-gnueabi/lib/crti.o] ==> ignore
    arg [/home/xiaoyubb/Downloads/toolchain-sunxi-glibc-gcc-830/toolchain/bin/../lib/gcc/arm-openwrt-linux-gnueabi/8.3.0/crtbegin.o] ==> ignore
    arg [-L/home/xiaoyubb/xiangmu/app_sdk_v2/platform/t113/lib] ==> dir [/home/xiaoyubb/xiangmu/app_sdk_v2/platform/t113/lib]
    arg [-L/home/xiaoyubb/xiangmu/app_sdk_v2/build/CMakeFiles/CMakeTmp/wifi/libs/] ==> dir [/home/xiaoyubb/xiangmu/app_sdk_v2/build/CMakeFiles/CMakeTmp/wifi/libs/]
    arg [-L/home/xiaoyubb/xiangmu/app_sdk_v2/build/CMakeFiles/CMakeTmp/net/libs/] ==> dir [/home/xiaoyubb/xiangmu/app_sdk_v2/build/CMakeFiles/CMakeTmp/net/libs/]
    arg [-L/home/xiaoyubb/Downloads/toolchain-sunxi-glibc-gcc-830/toolchain/bin:/home/xiaoyubb/Downloads/toolchain-sunxi-glibc-gcc-830/toolchain/bin:/home/xiaoyubb/Downloads/toolchain-sunxi-glibc-gcc-830/toolchain/bin:/usr/lib] ==> dir [/home/xiaoyubb/Downloads/toolchain-sunxi-glibc-gcc-830/toolchain/bin:/home/xiaoyubb/Downloads/toolchain-sunxi-glibc-gcc-830/toolchain/bin:/home/xiaoyubb/Downloads/toolchain-sunxi-glibc-gcc-830/toolchain/bin:/usr/lib]
    arg [-rpath-link] ==> ignore
    arg [/home/xiaoyubb/Downloads/toolchain-sunxi-glibc-gcc-830/toolchain/bin:/home/xiaoyubb/Downloads/toolchain-sunxi-glibc-gcc-830/toolchain/bin:/home/xiaoyubb/Downloads/toolchain-sunxi-glibc-gcc-830/toolchain/bin:/usr/lib] ==> ignore
    arg [-L/home/xiaoyubb/Downloads/toolchain-sunxi-glibc-gcc-830/toolchain/bin/../lib/gcc/arm-openwrt-linux-gnueabi/8.3.0] ==> dir [/home/xiaoyubb/Downloads/toolchain-sunxi-glibc-gcc-830/toolchain/bin/../lib/gcc/arm-openwrt-linux-gnueabi/8.3.0]
    arg [-L/home/xiaoyubb/Downloads/toolchain-sunxi-glibc-gcc-830/toolchain/bin/../lib/gcc] ==> dir [/home/xiaoyubb/Downloads/toolchain-sunxi-glibc-gcc-830/toolchain/bin/../lib/gcc]
    arg [-L/home/xiaoyubb/Downloads/toolchain-sunxi-glibc-gcc-830/toolchain/bin/../lib/gcc/arm-openwrt-linux-gnueabi/8.3.0/../../../../arm-openwrt-linux-gnueabi/lib] ==> dir [/home/xiaoyubb/Downloads/toolchain-sunxi-glibc-gcc-830/toolchain/bin/../lib/gcc/arm-openwrt-linux-gnueabi/8.3.0/../../../../arm-openwrt-linux-gnueabi/lib]
    arg [-lpthread] ==> lib [pthread]
    arg [-lfreetype] ==> lib [freetype]
    arg [-lrt] ==> lib [rt]
    arg [-ldl] ==> lib [dl]
    arg [-luapi] ==> lib [uapi]
    arg [-lm] ==> lib [m]
    arg [-lz] ==> lib [z]
    arg [-lbz2] ==> lib [bz2]
    arg [-gc-sections] ==> ignore
    arg [CMakeFiles/cmTC_aee35.dir/CMakeCCompilerABI.c.o] ==> ignore
    arg [-lgcc] ==> lib [gcc]
    arg [--as-needed] ==> ignore
    arg [-lgcc_s] ==> lib [gcc_s]
    arg [--no-as-needed] ==> ignore
    arg [-lc] ==> lib [c]
    arg [-lgcc] ==> lib [gcc]
    arg [--as-needed] ==> ignore
    arg [-lgcc_s] ==> lib [gcc_s]
    arg [--no-as-needed] ==> ignore
    arg [/home/xiaoyubb/Downloads/toolchain-sunxi-glibc-gcc-830/toolchain/bin/../lib/gcc/arm-openwrt-linux-gnueabi/8.3.0/crtend.o] ==> ignore
    arg [/home/xiaoyubb/Downloads/toolchain-sunxi-glibc-gcc-830/toolchain/bin/../lib/gcc/arm-openwrt-linux-gnueabi/8.3.0/../../../../arm-openwrt-linux-gnueabi/lib/crtn.o] ==> ignore
  collapse library dir [/home/xiaoyubb/xiangmu/app_sdk_v2/platform/t113/lib] ==> [/home/xiaoyubb/xiangmu/app_sdk_v2/platform/t113/lib]
  collapse library dir [/home/xiaoyubb/xiangmu/app_sdk_v2/build/CMakeFiles/CMakeTmp/wifi/libs/] ==> [/home/xiaoyubb/xiangmu/app_sdk_v2/build/CMakeFiles/CMakeTmp/wifi/libs], skipping non-system directory
  collapse library dir [/home/xiaoyubb/xiangmu/app_sdk_v2/build/CMakeFiles/CMakeTmp/net/libs/] ==> [/home/xiaoyubb/xiangmu/app_sdk_v2/build/CMakeFiles/CMakeTmp/net/libs], skipping non-system directory
  collapse library dir [/home/xiaoyubb/Downloads/toolchain-sunxi-glibc-gcc-830/toolchain/bin:/home/xiaoyubb/Downloads/toolchain-sunxi-glibc-gcc-830/toolchain/bin:/home/xiaoyubb/Downloads/toolchain-sunxi-glibc-gcc-830/toolchain/bin:/usr/lib] ==> [/home/xiaoyubb/Downloads/toolchain-sunxi-glibc-gcc-830/toolchain/bin:/home/xiaoyubb/Downloads/toolchain-sunxi-glibc-gcc-830/toolchain/bin:/home/xiaoyubb/Downloads/toolchain-sunxi-glibc-gcc-830/toolchain/bin:/usr/lib]
  collapse library dir [/home/xiaoyubb/Downloads/toolchain-sunxi-glibc-gcc-830/toolchain/bin/../lib/gcc/arm-openwrt-linux-gnueabi/8.3.0] ==> [/home/xiaoyubb/Downloads/toolchain-sunxi-glibc-gcc-830/toolchain/lib/gcc/arm-openwrt-linux-gnueabi/8.3.0]
  collapse library dir [/home/xiaoyubb/Downloads/toolchain-sunxi-glibc-gcc-830/toolchain/bin/../lib/gcc] ==> [/home/xiaoyubb/Downloads/toolchain-sunxi-glibc-gcc-830/toolchain/lib/gcc]
  collapse library dir [/home/xiaoyubb/Downloads/toolchain-sunxi-glibc-gcc-830/toolchain/bin/../lib/gcc/arm-openwrt-linux-gnueabi/8.3.0/../../../../arm-openwrt-linux-gnueabi/lib] ==> [/home/xiaoyubb/Downloads/toolchain-sunxi-glibc-gcc-830/toolchain/arm-openwrt-linux-gnueabi/lib]
  implicit libs: [pthread;freetype;rt;dl;uapi;m;z;bz2;gcc;gcc_s;c;gcc;gcc_s]
  implicit dirs: [/home/xiaoyubb/xiangmu/app_sdk_v2/platform/t113/lib;/home/xiaoyubb/Downloads/toolchain-sunxi-glibc-gcc-830/toolchain/bin:/home/xiaoyubb/Downloads/toolchain-sunxi-glibc-gcc-830/toolchain/bin:/home/xiaoyubb/Downloads/toolchain-sunxi-glibc-gcc-830/toolchain/bin:/usr/lib;/home/xiaoyubb/Downloads/toolchain-sunxi-glibc-gcc-830/toolchain/lib/gcc/arm-openwrt-linux-gnueabi/8.3.0;/home/xiaoyubb/Downloads/toolchain-sunxi-glibc-gcc-830/toolchain/lib/gcc;/home/xiaoyubb/Downloads/toolchain-sunxi-glibc-gcc-830/toolchain/arm-openwrt-linux-gnueabi/lib]
  implicit fwks: []


Determining if the CXX compiler works passed with the following output:
Change Dir: /home/xiaoyubb/xiangmu/app_sdk_v2/build/CMakeFiles/CMakeTmp

Run Build Command(s):/usr/bin/make cmTC_986c1/fast && /usr/bin/make -f CMakeFiles/cmTC_986c1.dir/build.make CMakeFiles/cmTC_986c1.dir/build
make[1]: Entering directory '/home/xiaoyubb/xiangmu/app_sdk_v2/build/CMakeFiles/CMakeTmp'
Building CXX object CMakeFiles/cmTC_986c1.dir/testCXXCompiler.cxx.o
/home/xiaoyubb/Downloads/toolchain-sunxi-glibc-gcc-830/toolchain/bin/arm-openwrt-linux-g++    -I/home/xiaoyubb/xiangmu/app_sdk_v2/platform/t113/src/porting -I/home/xiaoyubb/xiangmu/app_sdk_v2/build/CMakeFiles/CMakeTmp -I/home/xiaoyubb/xiangmu/app_sdk_v2/build/CMakeFiles/CMakeTmp/lvgl/demos -I/home/xiaoyubb/xiangmu/app_sdk_v2/platform/t113/include -I/home/xiaoyubb/xiangmu/app_sdk_v2/platform/t113/include/freetype -march=armv7-a -mtune=cortex-a7 -mfpu=neon -mfloat-abi=hard -O0 -ldl -rdynamic -g -funwind-tables -ffunction-sections -o CMakeFiles/cmTC_986c1.dir/testCXXCompiler.cxx.o -c /home/xiaoyubb/xiangmu/app_sdk_v2/build/CMakeFiles/CMakeTmp/testCXXCompiler.cxx
Linking CXX executable cmTC_986c1
/usr/bin/cmake -E cmake_link_script CMakeFiles/cmTC_986c1.dir/link.txt --verbose=1
/home/xiaoyubb/Downloads/toolchain-sunxi-glibc-gcc-830/toolchain/bin/arm-openwrt-linux-g++       -L/home/xiaoyubb/xiangmu/app_sdk_v2/platform/t113/lib -L/home/xiaoyubb/xiangmu/app_sdk_v2/build/CMakeFiles/CMakeTmp/wifi/libs/ -L/home/xiaoyubb/xiangmu/app_sdk_v2/build/CMakeFiles/CMakeTmp/net/libs/ -lpthread -lfreetype -lrt -ldl -znow -zrelro -luapi -lm -lz -lbz2 -O0 -rdynamic -g -funwind-tables -ffunction-sections -fPIC -Wl,-gc-sections CMakeFiles/cmTC_986c1.dir/testCXXCompiler.cxx.o  -o cmTC_986c1 
make[1]: Leaving directory '/home/xiaoyubb/xiangmu/app_sdk_v2/build/CMakeFiles/CMakeTmp'



Detecting CXX compiler ABI info compiled with the following output:
Change Dir: /home/xiaoyubb/xiangmu/app_sdk_v2/build/CMakeFiles/CMakeTmp

Run Build Command(s):/usr/bin/make cmTC_6c056/fast && /usr/bin/make -f CMakeFiles/cmTC_6c056.dir/build.make CMakeFiles/cmTC_6c056.dir/build
make[1]: Entering directory '/home/xiaoyubb/xiangmu/app_sdk_v2/build/CMakeFiles/CMakeTmp'
Building CXX object CMakeFiles/cmTC_6c056.dir/CMakeCXXCompilerABI.cpp.o
/home/xiaoyubb/Downloads/toolchain-sunxi-glibc-gcc-830/toolchain/bin/arm-openwrt-linux-g++    -v -I/home/xiaoyubb/xiangmu/app_sdk_v2/platform/t113/src/porting -I/home/xiaoyubb/xiangmu/app_sdk_v2/build/CMakeFiles/CMakeTmp -I/home/xiaoyubb/xiangmu/app_sdk_v2/build/CMakeFiles/CMakeTmp/lvgl/demos -I/home/xiaoyubb/xiangmu/app_sdk_v2/platform/t113/include -I/home/xiaoyubb/xiangmu/app_sdk_v2/platform/t113/include/freetype -march=armv7-a -mtune=cortex-a7 -mfpu=neon -mfloat-abi=hard -O0 -ldl -rdynamic -g -funwind-tables -ffunction-sections -o CMakeFiles/cmTC_6c056.dir/CMakeCXXCompilerABI.cpp.o -c /usr/share/cmake-3.16/Modules/CMakeCXXCompilerABI.cpp
Reading specs from /home/xiaoyubb/Downloads/toolchain-sunxi-glibc-gcc-830/toolchain/bin/../lib/gcc/arm-openwrt-linux-gnueabi/8.3.0/specs
COLLECT_GCC=arm-openwrt-linux-gnueabi-g++.bin
Target: arm-openwrt-linux-gnueabi
Configured with: /home/xuqiang/workspace/tina-r528/out/v853-perf1/compile_dir/toolchain/gcc-8.3.0/configure --with-bugurl=https://dev.openwrt.org/ --with-pkgversion='OpenWrt/CodeSourcery GCC 8.3.0 2021.08' --prefix=/home/xuqiang/workspace/tina-r528/out/v853-perf1/staging_dir/toolchain --build=x86_64-linux-gnu --host=x86_64-linux-gnu --target=arm-openwrt-linux-gnueabi --with-gnu-ld --enable-target-optspace --enable-libgomp --disable-libmudflap --disable-multilib --disable-nls --without-isl --without-cloog --with-host-libstdcxx=-lstdc++ --with-gmp=/home/xuqiang/workspace/tina-r528/out/host --with-mpfr=/home/xuqiang/workspace/tina-r528/out/host --with-mpc=/home/xuqiang/workspace/tina-r528/out/host --disable-decimal-float --with-diagnostics-color=auto-if-env --enable-libssp --enable-__cxa_atexit --with-cpu=cortex-a7 --with-fpu=neon --with-float=hard --with-headers=/home/xuqiang/workspace/tina-r528/out/v853-perf1/staging_dir/toolchain/include --enable-libsanitizer --enable-languages=c,c++,fortran --enable-shared --enable-threads --with-slibdir=/home/xuqiang/workspace/tina-r528/out/v853-perf1/staging_dir/toolchain/lib --enable-lto --with-libelf=/home/xuqiang/workspace/tina-r528/out/host
Thread model: posix
gcc version 8.3.0 (OpenWrt/CodeSourcery GCC 8.3.0 2021.08) 
COLLECT_GCC_OPTIONS='-v' '-I' '/home/xiaoyubb/xiangmu/app_sdk_v2/platform/t113/src/porting' '-I' '/home/xiaoyubb/xiangmu/app_sdk_v2/build/CMakeFiles/CMakeTmp' '-I' '/home/xiaoyubb/xiangmu/app_sdk_v2/build/CMakeFiles/CMakeTmp/lvgl/demos' '-I' '/home/xiaoyubb/xiangmu/app_sdk_v2/platform/t113/include' '-I' '/home/xiaoyubb/xiangmu/app_sdk_v2/platform/t113/include/freetype'  '-mtune=cortex-a7' '-mfpu=neon' '-mfloat-abi=hard' '-O0' '-rdynamic' '-g' '-funwind-tables' '-ffunction-sections' '-o' 'CMakeFiles/cmTC_6c056.dir/CMakeCXXCompilerABI.cpp.o' '-c' '-shared-libgcc' '-mtls-dialect=gnu' '-marm' '-march=armv7-a+simd'
 /home/xiaoyubb/Downloads/toolchain-sunxi-glibc-gcc-830/toolchain/bin/../libexec/gcc/arm-openwrt-linux-gnueabi/8.3.0/cc1plus -quiet -v -I /home/xiaoyubb/xiangmu/app_sdk_v2/platform/t113/src/porting -I /home/xiaoyubb/xiangmu/app_sdk_v2/build/CMakeFiles/CMakeTmp -I /home/xiaoyubb/xiangmu/app_sdk_v2/build/CMakeFiles/CMakeTmp/lvgl/demos -I /home/xiaoyubb/xiangmu/app_sdk_v2/platform/t113/include -I /home/xiaoyubb/xiangmu/app_sdk_v2/platform/t113/include/freetype -iprefix /home/xiaoyubb/Downloads/toolchain-sunxi-glibc-gcc-830/toolchain/bin/../lib/gcc/arm-openwrt-linux-gnueabi/8.3.0/ -D_GNU_SOURCE -idirafter /home/xiaoyubb/Downloads/toolchain-sunxi-glibc-gcc-830/toolchain/bin:/home/xiaoyubb/Downloads/toolchain-sunxi-glibc-gcc-830/toolchain/bin:/home/xiaoyubb/Downloads/toolchain-sunxi-glibc-gcc-830/toolchain/bin:/usr/include /usr/share/cmake-3.16/Modules/CMakeCXXCompilerABI.cpp -quiet -dumpbase CMakeCXXCompilerABI.cpp -mtune=cortex-a7 -mfpu=neon -mfloat-abi=hard -mtls-dialect=gnu -marm -march=armv7-a+simd -auxbase-strip CMakeFiles/cmTC_6c056.dir/CMakeCXXCompilerABI.cpp.o -g -O0 -version -funwind-tables -ffunction-sections -o /tmp/cc9hedZS.s
GNU C++14 (OpenWrt/CodeSourcery GCC 8.3.0 2021.08) version 8.3.0 (arm-openwrt-linux-gnueabi)
	compiled by GNU C version 4.8.4, GMP version 6.1.0, MPFR version 3.1.3, MPC version 1.0.3, isl version none
GGC heuristics: --param ggc-min-expand=100 --param ggc-min-heapsize=131072
ignoring duplicate directory "/home/xiaoyubb/Downloads/toolchain-sunxi-glibc-gcc-830/toolchain/bin/../lib/gcc/../../lib/gcc/arm-openwrt-linux-gnueabi/8.3.0/../../../../arm-openwrt-linux-gnueabi/include/c++/8.3.0"
ignoring duplicate directory "/home/xiaoyubb/Downloads/toolchain-sunxi-glibc-gcc-830/toolchain/bin/../lib/gcc/../../lib/gcc/arm-openwrt-linux-gnueabi/8.3.0/../../../../arm-openwrt-linux-gnueabi/include/c++/8.3.0/arm-openwrt-linux-gnueabi"
ignoring duplicate directory "/home/xiaoyubb/Downloads/toolchain-sunxi-glibc-gcc-830/toolchain/bin/../lib/gcc/../../lib/gcc/arm-openwrt-linux-gnueabi/8.3.0/../../../../arm-openwrt-linux-gnueabi/include/c++/8.3.0/backward"
ignoring duplicate directory "/home/xiaoyubb/Downloads/toolchain-sunxi-glibc-gcc-830/toolchain/bin/../lib/gcc/../../lib/gcc/arm-openwrt-linux-gnueabi/8.3.0/include"
ignoring duplicate directory "/home/xiaoyubb/Downloads/toolchain-sunxi-glibc-gcc-830/toolchain/bin/../lib/gcc/../../lib/gcc/arm-openwrt-linux-gnueabi/8.3.0/include-fixed"
ignoring duplicate directory "/home/xiaoyubb/Downloads/toolchain-sunxi-glibc-gcc-830/toolchain/bin/../lib/gcc/../../lib/gcc/arm-openwrt-linux-gnueabi/8.3.0/../../../../arm-openwrt-linux-gnueabi/sys-include"
ignoring duplicate directory "/home/xiaoyubb/Downloads/toolchain-sunxi-glibc-gcc-830/toolchain/bin/../lib/gcc/../../lib/gcc/arm-openwrt-linux-gnueabi/8.3.0/../../../../arm-openwrt-linux-gnueabi/include"
ignoring nonexistent directory "/home/xiaoyubb/Downloads/toolchain-sunxi-glibc-gcc-830/toolchain/bin:/home/xiaoyubb/Downloads/toolchain-sunxi-glibc-gcc-830/toolchain/bin:/home/xiaoyubb/Downloads/toolchain-sunxi-glibc-gcc-830/toolchain/bin:/usr/include"
ignoring nonexistent directory "/home/xiaoyubb/xiangmu/app_sdk_v2/build/CMakeFiles/CMakeTmp/lvgl/demos"
#include "..." search starts here:
#include <...> search starts here:
 /home/xiaoyubb/xiangmu/app_sdk_v2/platform/t113/src/porting
 /home/xiaoyubb/xiangmu/app_sdk_v2/build/CMakeFiles/CMakeTmp
 /home/xiaoyubb/xiangmu/app_sdk_v2/platform/t113/include
 /home/xiaoyubb/xiangmu/app_sdk_v2/platform/t113/include/freetype
 /home/xiaoyubb/Downloads/toolchain-sunxi-glibc-gcc-830/toolchain/bin/../lib/gcc/arm-openwrt-linux-gnueabi/8.3.0/../../../../arm-openwrt-linux-gnueabi/include/c++/8.3.0
 /home/xiaoyubb/Downloads/toolchain-sunxi-glibc-gcc-830/toolchain/bin/../lib/gcc/arm-openwrt-linux-gnueabi/8.3.0/../../../../arm-openwrt-linux-gnueabi/include/c++/8.3.0/arm-openwrt-linux-gnueabi
 /home/xiaoyubb/Downloads/toolchain-sunxi-glibc-gcc-830/toolchain/bin/../lib/gcc/arm-openwrt-linux-gnueabi/8.3.0/../../../../arm-openwrt-linux-gnueabi/include/c++/8.3.0/backward
 /home/xiaoyubb/Downloads/toolchain-sunxi-glibc-gcc-830/toolchain/bin/../lib/gcc/arm-openwrt-linux-gnueabi/8.3.0/include
 /home/xiaoyubb/Downloads/toolchain-sunxi-glibc-gcc-830/toolchain/bin/../lib/gcc/arm-openwrt-linux-gnueabi/8.3.0/include-fixed
 /home/xiaoyubb/Downloads/toolchain-sunxi-glibc-gcc-830/toolchain/bin/../lib/gcc/arm-openwrt-linux-gnueabi/8.3.0/../../../../arm-openwrt-linux-gnueabi/sys-include
 /home/xiaoyubb/Downloads/toolchain-sunxi-glibc-gcc-830/toolchain/bin/../lib/gcc/arm-openwrt-linux-gnueabi/8.3.0/../../../../arm-openwrt-linux-gnueabi/include
End of search list.
GNU C++14 (OpenWrt/CodeSourcery GCC 8.3.0 2021.08) version 8.3.0 (arm-openwrt-linux-gnueabi)
	compiled by GNU C version 4.8.4, GMP version 6.1.0, MPFR version 3.1.3, MPC version 1.0.3, isl version none
GGC heuristics: --param ggc-min-expand=100 --param ggc-min-heapsize=131072
Compiler executable checksum: d9bd3926152649c8083a8b2795c04462
COLLECT_GCC_OPTIONS='-v' '-I' '/home/xiaoyubb/xiangmu/app_sdk_v2/platform/t113/src/porting' '-I' '/home/xiaoyubb/xiangmu/app_sdk_v2/build/CMakeFiles/CMakeTmp' '-I' '/home/xiaoyubb/xiangmu/app_sdk_v2/build/CMakeFiles/CMakeTmp/lvgl/demos' '-I' '/home/xiaoyubb/xiangmu/app_sdk_v2/platform/t113/include' '-I' '/home/xiaoyubb/xiangmu/app_sdk_v2/platform/t113/include/freetype'  '-mtune=cortex-a7' '-mfpu=neon' '-mfloat-abi=hard' '-O0' '-rdynamic' '-g' '-funwind-tables' '-ffunction-sections' '-o' 'CMakeFiles/cmTC_6c056.dir/CMakeCXXCompilerABI.cpp.o' '-c' '-shared-libgcc' '-mtls-dialect=gnu' '-marm' '-march=armv7-a+simd'
 /home/xiaoyubb/Downloads/toolchain-sunxi-glibc-gcc-830/toolchain/bin/../lib/gcc/arm-openwrt-linux-gnueabi/8.3.0/../../../../arm-openwrt-linux-gnueabi/bin/as -v -I /home/xiaoyubb/xiangmu/app_sdk_v2/platform/t113/src/porting -I /home/xiaoyubb/xiangmu/app_sdk_v2/build/CMakeFiles/CMakeTmp -I /home/xiaoyubb/xiangmu/app_sdk_v2/build/CMakeFiles/CMakeTmp/lvgl/demos -I /home/xiaoyubb/xiangmu/app_sdk_v2/platform/t113/include -I /home/xiaoyubb/xiangmu/app_sdk_v2/platform/t113/include/freetype -march=armv7-a -mfloat-abi=hard -mfpu=neon -meabi=5 -o CMakeFiles/cmTC_6c056.dir/CMakeCXXCompilerABI.cpp.o /tmp/cc9hedZS.s
GNU assembler version 2.28 (arm-openwrt-linux-gnueabi) using BFD version (GNU Binutils) 2.28
COMPILER_PATH=/home/xiaoyubb/Downloads/toolchain-sunxi-glibc-gcc-830/toolchain/bin/../libexec/gcc/arm-openwrt-linux-gnueabi/8.3.0/:/home/xiaoyubb/Downloads/toolchain-sunxi-glibc-gcc-830/toolchain/bin/../libexec/gcc/:/home/xiaoyubb/Downloads/toolchain-sunxi-glibc-gcc-830/toolchain/bin/../lib/gcc/arm-openwrt-linux-gnueabi/8.3.0/../../../../arm-openwrt-linux-gnueabi/bin/
LIBRARY_PATH=/home/xiaoyubb/Downloads/toolchain-sunxi-glibc-gcc-830/toolchain/bin/../lib/gcc/arm-openwrt-linux-gnueabi/8.3.0/:/home/xiaoyubb/Downloads/toolchain-sunxi-glibc-gcc-830/toolchain/bin/../lib/gcc/:/home/xiaoyubb/Downloads/toolchain-sunxi-glibc-gcc-830/toolchain/bin/../lib/gcc/arm-openwrt-linux-gnueabi/8.3.0/../../../../arm-openwrt-linux-gnueabi/lib/
COLLECT_GCC_OPTIONS='-v' '-I' '/home/xiaoyubb/xiangmu/app_sdk_v2/platform/t113/src/porting' '-I' '/home/xiaoyubb/xiangmu/app_sdk_v2/build/CMakeFiles/CMakeTmp' '-I' '/home/xiaoyubb/xiangmu/app_sdk_v2/build/CMakeFiles/CMakeTmp/lvgl/demos' '-I' '/home/xiaoyubb/xiangmu/app_sdk_v2/platform/t113/include' '-I' '/home/xiaoyubb/xiangmu/app_sdk_v2/platform/t113/include/freetype'  '-mtune=cortex-a7' '-mfpu=neon' '-mfloat-abi=hard' '-O0' '-rdynamic' '-g' '-funwind-tables' '-ffunction-sections' '-o' 'CMakeFiles/cmTC_6c056.dir/CMakeCXXCompilerABI.cpp.o' '-c' '-shared-libgcc' '-mtls-dialect=gnu' '-marm' '-march=armv7-a+simd'
Linking CXX executable cmTC_6c056
/usr/bin/cmake -E cmake_link_script CMakeFiles/cmTC_6c056.dir/link.txt --verbose=1
/home/xiaoyubb/Downloads/toolchain-sunxi-glibc-gcc-830/toolchain/bin/arm-openwrt-linux-g++      -v -L/home/xiaoyubb/xiangmu/app_sdk_v2/platform/t113/lib -L/home/xiaoyubb/xiangmu/app_sdk_v2/build/CMakeFiles/CMakeTmp/wifi/libs/ -L/home/xiaoyubb/xiangmu/app_sdk_v2/build/CMakeFiles/CMakeTmp/net/libs/ -lpthread -lfreetype -lrt -ldl -znow -zrelro -luapi -lm -lz -lbz2 -O0 -rdynamic -g -funwind-tables -ffunction-sections -fPIC -Wl,-gc-sections CMakeFiles/cmTC_6c056.dir/CMakeCXXCompilerABI.cpp.o  -o cmTC_6c056 
Reading specs from /home/xiaoyubb/Downloads/toolchain-sunxi-glibc-gcc-830/toolchain/bin/../lib/gcc/arm-openwrt-linux-gnueabi/8.3.0/specs
COLLECT_GCC=arm-openwrt-linux-gnueabi-g++.bin
COLLECT_LTO_WRAPPER=/home/xiaoyubb/Downloads/toolchain-sunxi-glibc-gcc-830/toolchain/bin/../libexec/gcc/arm-openwrt-linux-gnueabi/8.3.0/lto-wrapper
Target: arm-openwrt-linux-gnueabi
Configured with: /home/xuqiang/workspace/tina-r528/out/v853-perf1/compile_dir/toolchain/gcc-8.3.0/configure --with-bugurl=https://dev.openwrt.org/ --with-pkgversion='OpenWrt/CodeSourcery GCC 8.3.0 2021.08' --prefix=/home/xuqiang/workspace/tina-r528/out/v853-perf1/staging_dir/toolchain --build=x86_64-linux-gnu --host=x86_64-linux-gnu --target=arm-openwrt-linux-gnueabi --with-gnu-ld --enable-target-optspace --enable-libgomp --disable-libmudflap --disable-multilib --disable-nls --without-isl --without-cloog --with-host-libstdcxx=-lstdc++ --with-gmp=/home/xuqiang/workspace/tina-r528/out/host --with-mpfr=/home/xuqiang/workspace/tina-r528/out/host --with-mpc=/home/xuqiang/workspace/tina-r528/out/host --disable-decimal-float --with-diagnostics-color=auto-if-env --enable-libssp --enable-__cxa_atexit --with-cpu=cortex-a7 --with-fpu=neon --with-float=hard --with-headers=/home/xuqiang/workspace/tina-r528/out/v853-perf1/staging_dir/toolchain/include --enable-libsanitizer --enable-languages=c,c++,fortran --enable-shared --enable-threads --with-slibdir=/home/xuqiang/workspace/tina-r528/out/v853-perf1/staging_dir/toolchain/lib --enable-lto --with-libelf=/home/xuqiang/workspace/tina-r528/out/host
Thread model: posix
gcc version 8.3.0 (OpenWrt/CodeSourcery GCC 8.3.0 2021.08) 
COMPILER_PATH=/home/xiaoyubb/Downloads/toolchain-sunxi-glibc-gcc-830/toolchain/bin/../libexec/gcc/arm-openwrt-linux-gnueabi/8.3.0/:/home/xiaoyubb/Downloads/toolchain-sunxi-glibc-gcc-830/toolchain/bin/../libexec/gcc/:/home/xiaoyubb/Downloads/toolchain-sunxi-glibc-gcc-830/toolchain/bin/../lib/gcc/arm-openwrt-linux-gnueabi/8.3.0/../../../../arm-openwrt-linux-gnueabi/bin/
LIBRARY_PATH=/home/xiaoyubb/Downloads/toolchain-sunxi-glibc-gcc-830/toolchain/bin/../lib/gcc/arm-openwrt-linux-gnueabi/8.3.0/:/home/xiaoyubb/Downloads/toolchain-sunxi-glibc-gcc-830/toolchain/bin/../lib/gcc/:/home/xiaoyubb/Downloads/toolchain-sunxi-glibc-gcc-830/toolchain/bin/../lib/gcc/arm-openwrt-linux-gnueabi/8.3.0/../../../../arm-openwrt-linux-gnueabi/lib/
COLLECT_GCC_OPTIONS='-v' '-L/home/xiaoyubb/xiangmu/app_sdk_v2/platform/t113/lib' '-L/home/xiaoyubb/xiangmu/app_sdk_v2/build/CMakeFiles/CMakeTmp/wifi/libs/' '-L/home/xiaoyubb/xiangmu/app_sdk_v2/build/CMakeFiles/CMakeTmp/net/libs/' '-z' 'now' '-z' 'relro' '-O0' '-rdynamic' '-g' '-funwind-tables' '-ffunction-sections' '-fPIC' '-o' 'cmTC_6c056' '-shared-libgcc' '-mcpu=cortex-a7' '-mfloat-abi=hard' '-mfpu=neon' '-mtls-dialect=gnu' '-marm' '-march=armv7ve+neon'
 /home/xiaoyubb/Downloads/toolchain-sunxi-glibc-gcc-830/toolchain/bin/../libexec/gcc/arm-openwrt-linux-gnueabi/8.3.0/collect2 -plugin /home/xiaoyubb/Downloads/toolchain-sunxi-glibc-gcc-830/toolchain/bin/../libexec/gcc/arm-openwrt-linux-gnueabi/8.3.0/liblto_plugin.so -plugin-opt=/home/xiaoyubb/Downloads/toolchain-sunxi-glibc-gcc-830/toolchain/bin/../libexec/gcc/arm-openwrt-linux-gnueabi/8.3.0/lto-wrapper -plugin-opt=-fresolution=/tmp/ccS4q0Qz.res -plugin-opt=-pass-through=-lgcc_s -plugin-opt=-pass-through=-lgcc -plugin-opt=-pass-through=-lc -plugin-opt=-pass-through=-lgcc_s -plugin-opt=-pass-through=-lgcc --eh-frame-hdr -export-dynamic -dynamic-linker /lib/ld-linux-armhf.so.3 -X -m armelf_linux_eabi -o cmTC_6c056 -z now -z relro /home/xiaoyubb/Downloads/toolchain-sunxi-glibc-gcc-830/toolchain/bin/../lib/gcc/arm-openwrt-linux-gnueabi/8.3.0/../../../../arm-openwrt-linux-gnueabi/lib/crt1.o /home/xiaoyubb/Downloads/toolchain-sunxi-glibc-gcc-830/toolchain/bin/../lib/gcc/arm-openwrt-linux-gnueabi/8.3.0/../../../../arm-openwrt-linux-gnueabi/lib/crti.o /home/xiaoyubb/Downloads/toolchain-sunxi-glibc-gcc-830/toolchain/bin/../lib/gcc/arm-openwrt-linux-gnueabi/8.3.0/crtbegin.o -L/home/xiaoyubb/xiangmu/app_sdk_v2/platform/t113/lib -L/home/xiaoyubb/xiangmu/app_sdk_v2/build/CMakeFiles/CMakeTmp/wifi/libs/ -L/home/xiaoyubb/xiangmu/app_sdk_v2/build/CMakeFiles/CMakeTmp/net/libs/ -L /home/xiaoyubb/Downloads/toolchain-sunxi-glibc-gcc-830/toolchain/bin:/home/xiaoyubb/Downloads/toolchain-sunxi-glibc-gcc-830/toolchain/bin:/home/xiaoyubb/Downloads/toolchain-sunxi-glibc-gcc-830/toolchain/bin:/usr/lib -rpath-link /home/xiaoyubb/Downloads/toolchain-sunxi-glibc-gcc-830/toolchain/bin:/home/xiaoyubb/Downloads/toolchain-sunxi-glibc-gcc-830/toolchain/bin:/home/xiaoyubb/Downloads/toolchain-sunxi-glibc-gcc-830/toolchain/bin:/usr/lib -L/home/xiaoyubb/Downloads/toolchain-sunxi-glibc-gcc-830/toolchain/bin/../lib/gcc/arm-openwrt-linux-gnueabi/8.3.0 -L/home/xiaoyubb/Downloads/toolchain-sunxi-glibc-gcc-830/toolchain/bin/../lib/gcc -L/home/xiaoyubb/Downloads/toolchain-sunxi-glibc-gcc-830/toolchain/bin/../lib/gcc/arm-openwrt-linux-gnueabi/8.3.0/../../../../arm-openwrt-linux-gnueabi/lib -lpthread -lfreetype -lrt -ldl -luapi -lz -lbz2 -gc-sections CMakeFiles/cmTC_6c056.dir/CMakeCXXCompilerABI.cpp.o -lstdc++ -lm -lgcc_s -lgcc -lc -lgcc_s -lgcc /home/xiaoyubb/Downloads/toolchain-sunxi-glibc-gcc-830/toolchain/bin/../lib/gcc/arm-openwrt-linux-gnueabi/8.3.0/crtend.o /home/xiaoyubb/Downloads/toolchain-sunxi-glibc-gcc-830/toolchain/bin/../lib/gcc/arm-openwrt-linux-gnueabi/8.3.0/../../../../arm-openwrt-linux-gnueabi/lib/crtn.o
COLLECT_GCC_OPTIONS='-v' '-L/home/xiaoyubb/xiangmu/app_sdk_v2/platform/t113/lib' '-L/home/xiaoyubb/xiangmu/app_sdk_v2/build/CMakeFiles/CMakeTmp/wifi/libs/' '-L/home/xiaoyubb/xiangmu/app_sdk_v2/build/CMakeFiles/CMakeTmp/net/libs/' '-z' 'now' '-z' 'relro' '-O0' '-rdynamic' '-g' '-funwind-tables' '-ffunction-sections' '-fPIC' '-o' 'cmTC_6c056' '-shared-libgcc' '-mcpu=cortex-a7' '-mfloat-abi=hard' '-mfpu=neon' '-mtls-dialect=gnu' '-marm' '-march=armv7ve+neon'
make[1]: Leaving directory '/home/xiaoyubb/xiangmu/app_sdk_v2/build/CMakeFiles/CMakeTmp'



Parsed CXX implicit include dir info from above output: rv=done
  found start of include info
  found start of implicit include info
    add: [/home/xiaoyubb/xiangmu/app_sdk_v2/platform/t113/src/porting]
    add: [/home/xiaoyubb/xiangmu/app_sdk_v2/build/CMakeFiles/CMakeTmp]
    add: [/home/xiaoyubb/xiangmu/app_sdk_v2/platform/t113/include]
    add: [/home/xiaoyubb/xiangmu/app_sdk_v2/platform/t113/include/freetype]
    add: [/home/xiaoyubb/Downloads/toolchain-sunxi-glibc-gcc-830/toolchain/bin/../lib/gcc/arm-openwrt-linux-gnueabi/8.3.0/../../../../arm-openwrt-linux-gnueabi/include/c++/8.3.0]
    add: [/home/xiaoyubb/Downloads/toolchain-sunxi-glibc-gcc-830/toolchain/bin/../lib/gcc/arm-openwrt-linux-gnueabi/8.3.0/../../../../arm-openwrt-linux-gnueabi/include/c++/8.3.0/arm-openwrt-linux-gnueabi]
    add: [/home/xiaoyubb/Downloads/toolchain-sunxi-glibc-gcc-830/toolchain/bin/../lib/gcc/arm-openwrt-linux-gnueabi/8.3.0/../../../../arm-openwrt-linux-gnueabi/include/c++/8.3.0/backward]
    add: [/home/xiaoyubb/Downloads/toolchain-sunxi-glibc-gcc-830/toolchain/bin/../lib/gcc/arm-openwrt-linux-gnueabi/8.3.0/include]
    add: [/home/xiaoyubb/Downloads/toolchain-sunxi-glibc-gcc-830/toolchain/bin/../lib/gcc/arm-openwrt-linux-gnueabi/8.3.0/include-fixed]
    add: [/home/xiaoyubb/Downloads/toolchain-sunxi-glibc-gcc-830/toolchain/bin/../lib/gcc/arm-openwrt-linux-gnueabi/8.3.0/../../../../arm-openwrt-linux-gnueabi/sys-include]
    add: [/home/xiaoyubb/Downloads/toolchain-sunxi-glibc-gcc-830/toolchain/bin/../lib/gcc/arm-openwrt-linux-gnueabi/8.3.0/../../../../arm-openwrt-linux-gnueabi/include]
  end of search list found
  collapse include dir [/home/xiaoyubb/xiangmu/app_sdk_v2/platform/t113/src/porting] ==> [/home/xiaoyubb/xiangmu/app_sdk_v2/platform/t113/src/porting]
  collapse include dir [/home/xiaoyubb/xiangmu/app_sdk_v2/build/CMakeFiles/CMakeTmp] ==> [/home/xiaoyubb/xiangmu/app_sdk_v2/build/CMakeFiles/CMakeTmp]
  collapse include dir [/home/xiaoyubb/xiangmu/app_sdk_v2/platform/t113/include] ==> [/home/xiaoyubb/xiangmu/app_sdk_v2/platform/t113/include]
  collapse include dir [/home/xiaoyubb/xiangmu/app_sdk_v2/platform/t113/include/freetype] ==> [/home/xiaoyubb/xiangmu/app_sdk_v2/platform/t113/include/freetype]
  collapse include dir [/home/xiaoyubb/Downloads/toolchain-sunxi-glibc-gcc-830/toolchain/bin/../lib/gcc/arm-openwrt-linux-gnueabi/8.3.0/../../../../arm-openwrt-linux-gnueabi/include/c++/8.3.0] ==> [/home/xiaoyubb/Downloads/toolchain-sunxi-glibc-gcc-830/toolchain/arm-openwrt-linux-gnueabi/include/c++/8.3.0]
  collapse include dir [/home/xiaoyubb/Downloads/toolchain-sunxi-glibc-gcc-830/toolchain/bin/../lib/gcc/arm-openwrt-linux-gnueabi/8.3.0/../../../../arm-openwrt-linux-gnueabi/include/c++/8.3.0/arm-openwrt-linux-gnueabi] ==> [/home/xiaoyubb/Downloads/toolchain-sunxi-glibc-gcc-830/toolchain/arm-openwrt-linux-gnueabi/include/c++/8.3.0/arm-openwrt-linux-gnueabi]
  collapse include dir [/home/xiaoyubb/Downloads/toolchain-sunxi-glibc-gcc-830/toolchain/bin/../lib/gcc/arm-openwrt-linux-gnueabi/8.3.0/../../../../arm-openwrt-linux-gnueabi/include/c++/8.3.0/backward] ==> [/home/xiaoyubb/Downloads/toolchain-sunxi-glibc-gcc-830/toolchain/arm-openwrt-linux-gnueabi/include/c++/8.3.0/backward]
  collapse include dir [/home/xiaoyubb/Downloads/toolchain-sunxi-glibc-gcc-830/toolchain/bin/../lib/gcc/arm-openwrt-linux-gnueabi/8.3.0/include] ==> [/home/xiaoyubb/Downloads/toolchain-sunxi-glibc-gcc-830/toolchain/lib/gcc/arm-openwrt-linux-gnueabi/8.3.0/include]
  collapse include dir [/home/xiaoyubb/Downloads/toolchain-sunxi-glibc-gcc-830/toolchain/bin/../lib/gcc/arm-openwrt-linux-gnueabi/8.3.0/include-fixed] ==> [/home/xiaoyubb/Downloads/toolchain-sunxi-glibc-gcc-830/toolchain/lib/gcc/arm-openwrt-linux-gnueabi/8.3.0/include-fixed]
  collapse include dir [/home/xiaoyubb/Downloads/toolchain-sunxi-glibc-gcc-830/toolchain/bin/../lib/gcc/arm-openwrt-linux-gnueabi/8.3.0/../../../../arm-openwrt-linux-gnueabi/sys-include] ==> [/home/xiaoyubb/Downloads/toolchain-sunxi-glibc-gcc-830/toolchain/arm-openwrt-linux-gnueabi/sys-include]
  collapse include dir [/home/xiaoyubb/Downloads/toolchain-sunxi-glibc-gcc-830/toolchain/bin/../lib/gcc/arm-openwrt-linux-gnueabi/8.3.0/../../../../arm-openwrt-linux-gnueabi/include] ==> [/home/xiaoyubb/Downloads/toolchain-sunxi-glibc-gcc-830/toolchain/arm-openwrt-linux-gnueabi/include]
  implicit include dirs: [/home/xiaoyubb/xiangmu/app_sdk_v2/platform/t113/src/porting;/home/xiaoyubb/xiangmu/app_sdk_v2/build/CMakeFiles/CMakeTmp;/home/xiaoyubb/xiangmu/app_sdk_v2/platform/t113/include;/home/xiaoyubb/xiangmu/app_sdk_v2/platform/t113/include/freetype;/home/xiaoyubb/Downloads/toolchain-sunxi-glibc-gcc-830/toolchain/arm-openwrt-linux-gnueabi/include/c++/8.3.0;/home/xiaoyubb/Downloads/toolchain-sunxi-glibc-gcc-830/toolchain/arm-openwrt-linux-gnueabi/include/c++/8.3.0/arm-openwrt-linux-gnueabi;/home/xiaoyubb/Downloads/toolchain-sunxi-glibc-gcc-830/toolchain/arm-openwrt-linux-gnueabi/include/c++/8.3.0/backward;/home/xiaoyubb/Downloads/toolchain-sunxi-glibc-gcc-830/toolchain/lib/gcc/arm-openwrt-linux-gnueabi/8.3.0/include;/home/xiaoyubb/Downloads/toolchain-sunxi-glibc-gcc-830/toolchain/lib/gcc/arm-openwrt-linux-gnueabi/8.3.0/include-fixed;/home/xiaoyubb/Downloads/toolchain-sunxi-glibc-gcc-830/toolchain/arm-openwrt-linux-gnueabi/sys-include;/home/xiaoyubb/Downloads/toolchain-sunxi-glibc-gcc-830/toolchain/arm-openwrt-linux-gnueabi/include]


Parsed CXX implicit link information from above output:
  link line regex: [^( *|.*[/\])(arm-openwrt-linux-ld|CMAKE_LINK_STARTFILE-NOTFOUND|([^/\]+-)?ld|collect2)[^/\]*( |$)]
  ignore line: [Change Dir: /home/xiaoyubb/xiangmu/app_sdk_v2/build/CMakeFiles/CMakeTmp]
  ignore line: []
  ignore line: [Run Build Command(s):/usr/bin/make cmTC_6c056/fast && /usr/bin/make -f CMakeFiles/cmTC_6c056.dir/build.make CMakeFiles/cmTC_6c056.dir/build]
  ignore line: [make[1]: Entering directory '/home/xiaoyubb/xiangmu/app_sdk_v2/build/CMakeFiles/CMakeTmp']
  ignore line: [Building CXX object CMakeFiles/cmTC_6c056.dir/CMakeCXXCompilerABI.cpp.o]
  ignore line: [/home/xiaoyubb/Downloads/toolchain-sunxi-glibc-gcc-830/toolchain/bin/arm-openwrt-linux-g++    -v -I/home/xiaoyubb/xiangmu/app_sdk_v2/platform/t113/src/porting -I/home/xiaoyubb/xiangmu/app_sdk_v2/build/CMakeFiles/CMakeTmp -I/home/xiaoyubb/xiangmu/app_sdk_v2/build/CMakeFiles/CMakeTmp/lvgl/demos -I/home/xiaoyubb/xiangmu/app_sdk_v2/platform/t113/include -I/home/xiaoyubb/xiangmu/app_sdk_v2/platform/t113/include/freetype -march=armv7-a -mtune=cortex-a7 -mfpu=neon -mfloat-abi=hard -O0 -ldl -rdynamic -g -funwind-tables -ffunction-sections -o CMakeFiles/cmTC_6c056.dir/CMakeCXXCompilerABI.cpp.o -c /usr/share/cmake-3.16/Modules/CMakeCXXCompilerABI.cpp]
  ignore line: [Reading specs from /home/xiaoyubb/Downloads/toolchain-sunxi-glibc-gcc-830/toolchain/bin/../lib/gcc/arm-openwrt-linux-gnueabi/8.3.0/specs]
  ignore line: [COLLECT_GCC=arm-openwrt-linux-gnueabi-g++.bin]
  ignore line: [Target: arm-openwrt-linux-gnueabi]
  ignore line: [Configured with: /home/xuqiang/workspace/tina-r528/out/v853-perf1/compile_dir/toolchain/gcc-8.3.0/configure --with-bugurl=https://dev.openwrt.org/ --with-pkgversion='OpenWrt/CodeSourcery GCC 8.3.0 2021.08' --prefix=/home/xuqiang/workspace/tina-r528/out/v853-perf1/staging_dir/toolchain --build=x86_64-linux-gnu --host=x86_64-linux-gnu --target=arm-openwrt-linux-gnueabi --with-gnu-ld --enable-target-optspace --enable-libgomp --disable-libmudflap --disable-multilib --disable-nls --without-isl --without-cloog --with-host-libstdcxx=-lstdc++ --with-gmp=/home/xuqiang/workspace/tina-r528/out/host --with-mpfr=/home/xuqiang/workspace/tina-r528/out/host --with-mpc=/home/xuqiang/workspace/tina-r528/out/host --disable-decimal-float --with-diagnostics-color=auto-if-env --enable-libssp --enable-__cxa_atexit --with-cpu=cortex-a7 --with-fpu=neon --with-float=hard --with-headers=/home/xuqiang/workspace/tina-r528/out/v853-perf1/staging_dir/toolchain/include --enable-libsanitizer --enable-languages=c,c++,fortran --enable-shared --enable-threads --with-slibdir=/home/xuqiang/workspace/tina-r528/out/v853-perf1/staging_dir/toolchain/lib --enable-lto --with-libelf=/home/xuqiang/workspace/tina-r528/out/host]
  ignore line: [Thread model: posix]
  ignore line: [gcc version 8.3.0 (OpenWrt/CodeSourcery GCC 8.3.0 2021.08) ]
  ignore line: [COLLECT_GCC_OPTIONS='-v' '-I' '/home/xiaoyubb/xiangmu/app_sdk_v2/platform/t113/src/porting' '-I' '/home/xiaoyubb/xiangmu/app_sdk_v2/build/CMakeFiles/CMakeTmp' '-I' '/home/xiaoyubb/xiangmu/app_sdk_v2/build/CMakeFiles/CMakeTmp/lvgl/demos' '-I' '/home/xiaoyubb/xiangmu/app_sdk_v2/platform/t113/include' '-I' '/home/xiaoyubb/xiangmu/app_sdk_v2/platform/t113/include/freetype'  '-mtune=cortex-a7' '-mfpu=neon' '-mfloat-abi=hard' '-O0' '-rdynamic' '-g' '-funwind-tables' '-ffunction-sections' '-o' 'CMakeFiles/cmTC_6c056.dir/CMakeCXXCompilerABI.cpp.o' '-c' '-shared-libgcc' '-mtls-dialect=gnu' '-marm' '-march=armv7-a+simd']
  ignore line: [ /home/xiaoyubb/Downloads/toolchain-sunxi-glibc-gcc-830/toolchain/bin/../libexec/gcc/arm-openwrt-linux-gnueabi/8.3.0/cc1plus -quiet -v -I /home/xiaoyubb/xiangmu/app_sdk_v2/platform/t113/src/porting -I /home/xiaoyubb/xiangmu/app_sdk_v2/build/CMakeFiles/CMakeTmp -I /home/xiaoyubb/xiangmu/app_sdk_v2/build/CMakeFiles/CMakeTmp/lvgl/demos -I /home/xiaoyubb/xiangmu/app_sdk_v2/platform/t113/include -I /home/xiaoyubb/xiangmu/app_sdk_v2/platform/t113/include/freetype -iprefix /home/xiaoyubb/Downloads/toolchain-sunxi-glibc-gcc-830/toolchain/bin/../lib/gcc/arm-openwrt-linux-gnueabi/8.3.0/ -D_GNU_SOURCE -idirafter /home/xiaoyubb/Downloads/toolchain-sunxi-glibc-gcc-830/toolchain/bin:/home/xiaoyubb/Downloads/toolchain-sunxi-glibc-gcc-830/toolchain/bin:/home/xiaoyubb/Downloads/toolchain-sunxi-glibc-gcc-830/toolchain/bin:/usr/include /usr/share/cmake-3.16/Modules/CMakeCXXCompilerABI.cpp -quiet -dumpbase CMakeCXXCompilerABI.cpp -mtune=cortex-a7 -mfpu=neon -mfloat-abi=hard -mtls-dialect=gnu -marm -march=armv7-a+simd -auxbase-strip CMakeFiles/cmTC_6c056.dir/CMakeCXXCompilerABI.cpp.o -g -O0 -version -funwind-tables -ffunction-sections -o /tmp/cc9hedZS.s]
  ignore line: [GNU C++14 (OpenWrt/CodeSourcery GCC 8.3.0 2021.08) version 8.3.0 (arm-openwrt-linux-gnueabi)]
  ignore line: [	compiled by GNU C version 4.8.4  GMP version 6.1.0  MPFR version 3.1.3  MPC version 1.0.3  isl version none]
  ignore line: [GGC heuristics: --param ggc-min-expand=100 --param ggc-min-heapsize=131072]
  ignore line: [ignoring duplicate directory "/home/xiaoyubb/Downloads/toolchain-sunxi-glibc-gcc-830/toolchain/bin/../lib/gcc/../../lib/gcc/arm-openwrt-linux-gnueabi/8.3.0/../../../../arm-openwrt-linux-gnueabi/include/c++/8.3.0"]
  ignore line: [ignoring duplicate directory "/home/xiaoyubb/Downloads/toolchain-sunxi-glibc-gcc-830/toolchain/bin/../lib/gcc/../../lib/gcc/arm-openwrt-linux-gnueabi/8.3.0/../../../../arm-openwrt-linux-gnueabi/include/c++/8.3.0/arm-openwrt-linux-gnueabi"]
  ignore line: [ignoring duplicate directory "/home/xiaoyubb/Downloads/toolchain-sunxi-glibc-gcc-830/toolchain/bin/../lib/gcc/../../lib/gcc/arm-openwrt-linux-gnueabi/8.3.0/../../../../arm-openwrt-linux-gnueabi/include/c++/8.3.0/backward"]
  ignore line: [ignoring duplicate directory "/home/xiaoyubb/Downloads/toolchain-sunxi-glibc-gcc-830/toolchain/bin/../lib/gcc/../../lib/gcc/arm-openwrt-linux-gnueabi/8.3.0/include"]
  ignore line: [ignoring duplicate directory "/home/xiaoyubb/Downloads/toolchain-sunxi-glibc-gcc-830/toolchain/bin/../lib/gcc/../../lib/gcc/arm-openwrt-linux-gnueabi/8.3.0/include-fixed"]
  ignore line: [ignoring duplicate directory "/home/xiaoyubb/Downloads/toolchain-sunxi-glibc-gcc-830/toolchain/bin/../lib/gcc/../../lib/gcc/arm-openwrt-linux-gnueabi/8.3.0/../../../../arm-openwrt-linux-gnueabi/sys-include"]
  ignore line: [ignoring duplicate directory "/home/xiaoyubb/Downloads/toolchain-sunxi-glibc-gcc-830/toolchain/bin/../lib/gcc/../../lib/gcc/arm-openwrt-linux-gnueabi/8.3.0/../../../../arm-openwrt-linux-gnueabi/include"]
  ignore line: [ignoring nonexistent directory "/home/xiaoyubb/Downloads/toolchain-sunxi-glibc-gcc-830/toolchain/bin:/home/xiaoyubb/Downloads/toolchain-sunxi-glibc-gcc-830/toolchain/bin:/home/xiaoyubb/Downloads/toolchain-sunxi-glibc-gcc-830/toolchain/bin:/usr/include"]
  ignore line: [ignoring nonexistent directory "/home/xiaoyubb/xiangmu/app_sdk_v2/build/CMakeFiles/CMakeTmp/lvgl/demos"]
  ignore line: [#include "..." search starts here:]
  ignore line: [#include <...> search starts here:]
  ignore line: [ /home/xiaoyubb/xiangmu/app_sdk_v2/platform/t113/src/porting]
  ignore line: [ /home/xiaoyubb/xiangmu/app_sdk_v2/build/CMakeFiles/CMakeTmp]
  ignore line: [ /home/xiaoyubb/xiangmu/app_sdk_v2/platform/t113/include]
  ignore line: [ /home/xiaoyubb/xiangmu/app_sdk_v2/platform/t113/include/freetype]
  ignore line: [ /home/xiaoyubb/Downloads/toolchain-sunxi-glibc-gcc-830/toolchain/bin/../lib/gcc/arm-openwrt-linux-gnueabi/8.3.0/../../../../arm-openwrt-linux-gnueabi/include/c++/8.3.0]
  ignore line: [ /home/xiaoyubb/Downloads/toolchain-sunxi-glibc-gcc-830/toolchain/bin/../lib/gcc/arm-openwrt-linux-gnueabi/8.3.0/../../../../arm-openwrt-linux-gnueabi/include/c++/8.3.0/arm-openwrt-linux-gnueabi]
  ignore line: [ /home/xiaoyubb/Downloads/toolchain-sunxi-glibc-gcc-830/toolchain/bin/../lib/gcc/arm-openwrt-linux-gnueabi/8.3.0/../../../../arm-openwrt-linux-gnueabi/include/c++/8.3.0/backward]
  ignore line: [ /home/xiaoyubb/Downloads/toolchain-sunxi-glibc-gcc-830/toolchain/bin/../lib/gcc/arm-openwrt-linux-gnueabi/8.3.0/include]
  ignore line: [ /home/xiaoyubb/Downloads/toolchain-sunxi-glibc-gcc-830/toolchain/bin/../lib/gcc/arm-openwrt-linux-gnueabi/8.3.0/include-fixed]
  ignore line: [ /home/xiaoyubb/Downloads/toolchain-sunxi-glibc-gcc-830/toolchain/bin/../lib/gcc/arm-openwrt-linux-gnueabi/8.3.0/../../../../arm-openwrt-linux-gnueabi/sys-include]
  ignore line: [ /home/xiaoyubb/Downloads/toolchain-sunxi-glibc-gcc-830/toolchain/bin/../lib/gcc/arm-openwrt-linux-gnueabi/8.3.0/../../../../arm-openwrt-linux-gnueabi/include]
  ignore line: [End of search list.]
  ignore line: [GNU C++14 (OpenWrt/CodeSourcery GCC 8.3.0 2021.08) version 8.3.0 (arm-openwrt-linux-gnueabi)]
  ignore line: [	compiled by GNU C version 4.8.4  GMP version 6.1.0  MPFR version 3.1.3  MPC version 1.0.3  isl version none]
  ignore line: [GGC heuristics: --param ggc-min-expand=100 --param ggc-min-heapsize=131072]
  ignore line: [Compiler executable checksum: d9bd3926152649c8083a8b2795c04462]
  ignore line: [COLLECT_GCC_OPTIONS='-v' '-I' '/home/xiaoyubb/xiangmu/app_sdk_v2/platform/t113/src/porting' '-I' '/home/xiaoyubb/xiangmu/app_sdk_v2/build/CMakeFiles/CMakeTmp' '-I' '/home/xiaoyubb/xiangmu/app_sdk_v2/build/CMakeFiles/CMakeTmp/lvgl/demos' '-I' '/home/xiaoyubb/xiangmu/app_sdk_v2/platform/t113/include' '-I' '/home/xiaoyubb/xiangmu/app_sdk_v2/platform/t113/include/freetype'  '-mtune=cortex-a7' '-mfpu=neon' '-mfloat-abi=hard' '-O0' '-rdynamic' '-g' '-funwind-tables' '-ffunction-sections' '-o' 'CMakeFiles/cmTC_6c056.dir/CMakeCXXCompilerABI.cpp.o' '-c' '-shared-libgcc' '-mtls-dialect=gnu' '-marm' '-march=armv7-a+simd']
  ignore line: [ /home/xiaoyubb/Downloads/toolchain-sunxi-glibc-gcc-830/toolchain/bin/../lib/gcc/arm-openwrt-linux-gnueabi/8.3.0/../../../../arm-openwrt-linux-gnueabi/bin/as -v -I /home/xiaoyubb/xiangmu/app_sdk_v2/platform/t113/src/porting -I /home/xiaoyubb/xiangmu/app_sdk_v2/build/CMakeFiles/CMakeTmp -I /home/xiaoyubb/xiangmu/app_sdk_v2/build/CMakeFiles/CMakeTmp/lvgl/demos -I /home/xiaoyubb/xiangmu/app_sdk_v2/platform/t113/include -I /home/xiaoyubb/xiangmu/app_sdk_v2/platform/t113/include/freetype -march=armv7-a -mfloat-abi=hard -mfpu=neon -meabi=5 -o CMakeFiles/cmTC_6c056.dir/CMakeCXXCompilerABI.cpp.o /tmp/cc9hedZS.s]
  ignore line: [GNU assembler version 2.28 (arm-openwrt-linux-gnueabi) using BFD version (GNU Binutils) 2.28]
  ignore line: [COMPILER_PATH=/home/xiaoyubb/Downloads/toolchain-sunxi-glibc-gcc-830/toolchain/bin/../libexec/gcc/arm-openwrt-linux-gnueabi/8.3.0/:/home/xiaoyubb/Downloads/toolchain-sunxi-glibc-gcc-830/toolchain/bin/../libexec/gcc/:/home/xiaoyubb/Downloads/toolchain-sunxi-glibc-gcc-830/toolchain/bin/../lib/gcc/arm-openwrt-linux-gnueabi/8.3.0/../../../../arm-openwrt-linux-gnueabi/bin/]
  ignore line: [LIBRARY_PATH=/home/xiaoyubb/Downloads/toolchain-sunxi-glibc-gcc-830/toolchain/bin/../lib/gcc/arm-openwrt-linux-gnueabi/8.3.0/:/home/xiaoyubb/Downloads/toolchain-sunxi-glibc-gcc-830/toolchain/bin/../lib/gcc/:/home/xiaoyubb/Downloads/toolchain-sunxi-glibc-gcc-830/toolchain/bin/../lib/gcc/arm-openwrt-linux-gnueabi/8.3.0/../../../../arm-openwrt-linux-gnueabi/lib/]
  ignore line: [COLLECT_GCC_OPTIONS='-v' '-I' '/home/xiaoyubb/xiangmu/app_sdk_v2/platform/t113/src/porting' '-I' '/home/xiaoyubb/xiangmu/app_sdk_v2/build/CMakeFiles/CMakeTmp' '-I' '/home/xiaoyubb/xiangmu/app_sdk_v2/build/CMakeFiles/CMakeTmp/lvgl/demos' '-I' '/home/xiaoyubb/xiangmu/app_sdk_v2/platform/t113/include' '-I' '/home/xiaoyubb/xiangmu/app_sdk_v2/platform/t113/include/freetype'  '-mtune=cortex-a7' '-mfpu=neon' '-mfloat-abi=hard' '-O0' '-rdynamic' '-g' '-funwind-tables' '-ffunction-sections' '-o' 'CMakeFiles/cmTC_6c056.dir/CMakeCXXCompilerABI.cpp.o' '-c' '-shared-libgcc' '-mtls-dialect=gnu' '-marm' '-march=armv7-a+simd']
  ignore line: [Linking CXX executable cmTC_6c056]
  ignore line: [/usr/bin/cmake -E cmake_link_script CMakeFiles/cmTC_6c056.dir/link.txt --verbose=1]
  ignore line: [/home/xiaoyubb/Downloads/toolchain-sunxi-glibc-gcc-830/toolchain/bin/arm-openwrt-linux-g++      -v -L/home/xiaoyubb/xiangmu/app_sdk_v2/platform/t113/lib -L/home/xiaoyubb/xiangmu/app_sdk_v2/build/CMakeFiles/CMakeTmp/wifi/libs/ -L/home/xiaoyubb/xiangmu/app_sdk_v2/build/CMakeFiles/CMakeTmp/net/libs/ -lpthread -lfreetype -lrt -ldl -znow -zrelro -luapi -lm -lz -lbz2 -O0 -rdynamic -g -funwind-tables -ffunction-sections -fPIC -Wl,-gc-sections CMakeFiles/cmTC_6c056.dir/CMakeCXXCompilerABI.cpp.o  -o cmTC_6c056 ]
  ignore line: [Reading specs from /home/xiaoyubb/Downloads/toolchain-sunxi-glibc-gcc-830/toolchain/bin/../lib/gcc/arm-openwrt-linux-gnueabi/8.3.0/specs]
  ignore line: [COLLECT_GCC=arm-openwrt-linux-gnueabi-g++.bin]
  ignore line: [COLLECT_LTO_WRAPPER=/home/xiaoyubb/Downloads/toolchain-sunxi-glibc-gcc-830/toolchain/bin/../libexec/gcc/arm-openwrt-linux-gnueabi/8.3.0/lto-wrapper]
  ignore line: [Target: arm-openwrt-linux-gnueabi]
  ignore line: [Configured with: /home/xuqiang/workspace/tina-r528/out/v853-perf1/compile_dir/toolchain/gcc-8.3.0/configure --with-bugurl=https://dev.openwrt.org/ --with-pkgversion='OpenWrt/CodeSourcery GCC 8.3.0 2021.08' --prefix=/home/xuqiang/workspace/tina-r528/out/v853-perf1/staging_dir/toolchain --build=x86_64-linux-gnu --host=x86_64-linux-gnu --target=arm-openwrt-linux-gnueabi --with-gnu-ld --enable-target-optspace --enable-libgomp --disable-libmudflap --disable-multilib --disable-nls --without-isl --without-cloog --with-host-libstdcxx=-lstdc++ --with-gmp=/home/xuqiang/workspace/tina-r528/out/host --with-mpfr=/home/xuqiang/workspace/tina-r528/out/host --with-mpc=/home/xuqiang/workspace/tina-r528/out/host --disable-decimal-float --with-diagnostics-color=auto-if-env --enable-libssp --enable-__cxa_atexit --with-cpu=cortex-a7 --with-fpu=neon --with-float=hard --with-headers=/home/xuqiang/workspace/tina-r528/out/v853-perf1/staging_dir/toolchain/include --enable-libsanitizer --enable-languages=c,c++,fortran --enable-shared --enable-threads --with-slibdir=/home/xuqiang/workspace/tina-r528/out/v853-perf1/staging_dir/toolchain/lib --enable-lto --with-libelf=/home/xuqiang/workspace/tina-r528/out/host]
  ignore line: [Thread model: posix]
  ignore line: [gcc version 8.3.0 (OpenWrt/CodeSourcery GCC 8.3.0 2021.08) ]
  ignore line: [COMPILER_PATH=/home/xiaoyubb/Downloads/toolchain-sunxi-glibc-gcc-830/toolchain/bin/../libexec/gcc/arm-openwrt-linux-gnueabi/8.3.0/:/home/xiaoyubb/Downloads/toolchain-sunxi-glibc-gcc-830/toolchain/bin/../libexec/gcc/:/home/xiaoyubb/Downloads/toolchain-sunxi-glibc-gcc-830/toolchain/bin/../lib/gcc/arm-openwrt-linux-gnueabi/8.3.0/../../../../arm-openwrt-linux-gnueabi/bin/]
  ignore line: [LIBRARY_PATH=/home/xiaoyubb/Downloads/toolchain-sunxi-glibc-gcc-830/toolchain/bin/../lib/gcc/arm-openwrt-linux-gnueabi/8.3.0/:/home/xiaoyubb/Downloads/toolchain-sunxi-glibc-gcc-830/toolchain/bin/../lib/gcc/:/home/xiaoyubb/Downloads/toolchain-sunxi-glibc-gcc-830/toolchain/bin/../lib/gcc/arm-openwrt-linux-gnueabi/8.3.0/../../../../arm-openwrt-linux-gnueabi/lib/]
  ignore line: [COLLECT_GCC_OPTIONS='-v' '-L/home/xiaoyubb/xiangmu/app_sdk_v2/platform/t113/lib' '-L/home/xiaoyubb/xiangmu/app_sdk_v2/build/CMakeFiles/CMakeTmp/wifi/libs/' '-L/home/xiaoyubb/xiangmu/app_sdk_v2/build/CMakeFiles/CMakeTmp/net/libs/' '-z' 'now' '-z' 'relro' '-O0' '-rdynamic' '-g' '-funwind-tables' '-ffunction-sections' '-fPIC' '-o' 'cmTC_6c056' '-shared-libgcc' '-mcpu=cortex-a7' '-mfloat-abi=hard' '-mfpu=neon' '-mtls-dialect=gnu' '-marm' '-march=armv7ve+neon']
  link line: [ /home/xiaoyubb/Downloads/toolchain-sunxi-glibc-gcc-830/toolchain/bin/../libexec/gcc/arm-openwrt-linux-gnueabi/8.3.0/collect2 -plugin /home/xiaoyubb/Downloads/toolchain-sunxi-glibc-gcc-830/toolchain/bin/../libexec/gcc/arm-openwrt-linux-gnueabi/8.3.0/liblto_plugin.so -plugin-opt=/home/xiaoyubb/Downloads/toolchain-sunxi-glibc-gcc-830/toolchain/bin/../libexec/gcc/arm-openwrt-linux-gnueabi/8.3.0/lto-wrapper -plugin-opt=-fresolution=/tmp/ccS4q0Qz.res -plugin-opt=-pass-through=-lgcc_s -plugin-opt=-pass-through=-lgcc -plugin-opt=-pass-through=-lc -plugin-opt=-pass-through=-lgcc_s -plugin-opt=-pass-through=-lgcc --eh-frame-hdr -export-dynamic -dynamic-linker /lib/ld-linux-armhf.so.3 -X -m armelf_linux_eabi -o cmTC_6c056 -z now -z relro /home/xiaoyubb/Downloads/toolchain-sunxi-glibc-gcc-830/toolchain/bin/../lib/gcc/arm-openwrt-linux-gnueabi/8.3.0/../../../../arm-openwrt-linux-gnueabi/lib/crt1.o /home/xiaoyubb/Downloads/toolchain-sunxi-glibc-gcc-830/toolchain/bin/../lib/gcc/arm-openwrt-linux-gnueabi/8.3.0/../../../../arm-openwrt-linux-gnueabi/lib/crti.o /home/xiaoyubb/Downloads/toolchain-sunxi-glibc-gcc-830/toolchain/bin/../lib/gcc/arm-openwrt-linux-gnueabi/8.3.0/crtbegin.o -L/home/xiaoyubb/xiangmu/app_sdk_v2/platform/t113/lib -L/home/xiaoyubb/xiangmu/app_sdk_v2/build/CMakeFiles/CMakeTmp/wifi/libs/ -L/home/xiaoyubb/xiangmu/app_sdk_v2/build/CMakeFiles/CMakeTmp/net/libs/ -L /home/xiaoyubb/Downloads/toolchain-sunxi-glibc-gcc-830/toolchain/bin:/home/xiaoyubb/Downloads/toolchain-sunxi-glibc-gcc-830/toolchain/bin:/home/xiaoyubb/Downloads/toolchain-sunxi-glibc-gcc-830/toolchain/bin:/usr/lib -rpath-link /home/xiaoyubb/Downloads/toolchain-sunxi-glibc-gcc-830/toolchain/bin:/home/xiaoyubb/Downloads/toolchain-sunxi-glibc-gcc-830/toolchain/bin:/home/xiaoyubb/Downloads/toolchain-sunxi-glibc-gcc-830/toolchain/bin:/usr/lib -L/home/xiaoyubb/Downloads/toolchain-sunxi-glibc-gcc-830/toolchain/bin/../lib/gcc/arm-openwrt-linux-gnueabi/8.3.0 -L/home/xiaoyubb/Downloads/toolchain-sunxi-glibc-gcc-830/toolchain/bin/../lib/gcc -L/home/xiaoyubb/Downloads/toolchain-sunxi-glibc-gcc-830/toolchain/bin/../lib/gcc/arm-openwrt-linux-gnueabi/8.3.0/../../../../arm-openwrt-linux-gnueabi/lib -lpthread -lfreetype -lrt -ldl -luapi -lz -lbz2 -gc-sections CMakeFiles/cmTC_6c056.dir/CMakeCXXCompilerABI.cpp.o -lstdc++ -lm -lgcc_s -lgcc -lc -lgcc_s -lgcc /home/xiaoyubb/Downloads/toolchain-sunxi-glibc-gcc-830/toolchain/bin/../lib/gcc/arm-openwrt-linux-gnueabi/8.3.0/crtend.o /home/xiaoyubb/Downloads/toolchain-sunxi-glibc-gcc-830/toolchain/bin/../lib/gcc/arm-openwrt-linux-gnueabi/8.3.0/../../../../arm-openwrt-linux-gnueabi/lib/crtn.o]
    arg [/home/xiaoyubb/Downloads/toolchain-sunxi-glibc-gcc-830/toolchain/bin/../libexec/gcc/arm-openwrt-linux-gnueabi/8.3.0/collect2] ==> ignore
    arg [-plugin] ==> ignore
    arg [/home/xiaoyubb/Downloads/toolchain-sunxi-glibc-gcc-830/toolchain/bin/../libexec/gcc/arm-openwrt-linux-gnueabi/8.3.0/liblto_plugin.so] ==> ignore
    arg [-plugin-opt=/home/xiaoyubb/Downloads/toolchain-sunxi-glibc-gcc-830/toolchain/bin/../libexec/gcc/arm-openwrt-linux-gnueabi/8.3.0/lto-wrapper] ==> ignore
    arg [-plugin-opt=-fresolution=/tmp/ccS4q0Qz.res] ==> ignore
    arg [-plugin-opt=-pass-through=-lgcc_s] ==> ignore
    arg [-plugin-opt=-pass-through=-lgcc] ==> ignore
    arg [-plugin-opt=-pass-through=-lc] ==> ignore
    arg [-plugin-opt=-pass-through=-lgcc_s] ==> ignore
    arg [-plugin-opt=-pass-through=-lgcc] ==> ignore
    arg [--eh-frame-hdr] ==> ignore
    arg [-export-dynamic] ==> ignore
    arg [-dynamic-linker] ==> ignore
    arg [/lib/ld-linux-armhf.so.3] ==> ignore
    arg [-X] ==> ignore
    arg [-m] ==> ignore
    arg [armelf_linux_eabi] ==> ignore
    arg [-o] ==> ignore
    arg [cmTC_6c056] ==> ignore
    arg [-znow] ==> ignore
    arg [-zrelro] ==> ignore
    arg [/home/xiaoyubb/Downloads/toolchain-sunxi-glibc-gcc-830/toolchain/bin/../lib/gcc/arm-openwrt-linux-gnueabi/8.3.0/../../../../arm-openwrt-linux-gnueabi/lib/crt1.o] ==> ignore
    arg [/home/xiaoyubb/Downloads/toolchain-sunxi-glibc-gcc-830/toolchain/bin/../lib/gcc/arm-openwrt-linux-gnueabi/8.3.0/../../../../arm-openwrt-linux-gnueabi/lib/crti.o] ==> ignore
    arg [/home/xiaoyubb/Downloads/toolchain-sunxi-glibc-gcc-830/toolchain/bin/../lib/gcc/arm-openwrt-linux-gnueabi/8.3.0/crtbegin.o] ==> ignore
    arg [-L/home/xiaoyubb/xiangmu/app_sdk_v2/platform/t113/lib] ==> dir [/home/xiaoyubb/xiangmu/app_sdk_v2/platform/t113/lib]
    arg [-L/home/xiaoyubb/xiangmu/app_sdk_v2/build/CMakeFiles/CMakeTmp/wifi/libs/] ==> dir [/home/xiaoyubb/xiangmu/app_sdk_v2/build/CMakeFiles/CMakeTmp/wifi/libs/]
    arg [-L/home/xiaoyubb/xiangmu/app_sdk_v2/build/CMakeFiles/CMakeTmp/net/libs/] ==> dir [/home/xiaoyubb/xiangmu/app_sdk_v2/build/CMakeFiles/CMakeTmp/net/libs/]
    arg [-L/home/xiaoyubb/Downloads/toolchain-sunxi-glibc-gcc-830/toolchain/bin:/home/xiaoyubb/Downloads/toolchain-sunxi-glibc-gcc-830/toolchain/bin:/home/xiaoyubb/Downloads/toolchain-sunxi-glibc-gcc-830/toolchain/bin:/usr/lib] ==> dir [/home/xiaoyubb/Downloads/toolchain-sunxi-glibc-gcc-830/toolchain/bin:/home/xiaoyubb/Downloads/toolchain-sunxi-glibc-gcc-830/toolchain/bin:/home/xiaoyubb/Downloads/toolchain-sunxi-glibc-gcc-830/toolchain/bin:/usr/lib]
    arg [-rpath-link] ==> ignore
    arg [/home/xiaoyubb/Downloads/toolchain-sunxi-glibc-gcc-830/toolchain/bin:/home/xiaoyubb/Downloads/toolchain-sunxi-glibc-gcc-830/toolchain/bin:/home/xiaoyubb/Downloads/toolchain-sunxi-glibc-gcc-830/toolchain/bin:/usr/lib] ==> ignore
    arg [-L/home/xiaoyubb/Downloads/toolchain-sunxi-glibc-gcc-830/toolchain/bin/../lib/gcc/arm-openwrt-linux-gnueabi/8.3.0] ==> dir [/home/xiaoyubb/Downloads/toolchain-sunxi-glibc-gcc-830/toolchain/bin/../lib/gcc/arm-openwrt-linux-gnueabi/8.3.0]
    arg [-L/home/xiaoyubb/Downloads/toolchain-sunxi-glibc-gcc-830/toolchain/bin/../lib/gcc] ==> dir [/home/xiaoyubb/Downloads/toolchain-sunxi-glibc-gcc-830/toolchain/bin/../lib/gcc]
    arg [-L/home/xiaoyubb/Downloads/toolchain-sunxi-glibc-gcc-830/toolchain/bin/../lib/gcc/arm-openwrt-linux-gnueabi/8.3.0/../../../../arm-openwrt-linux-gnueabi/lib] ==> dir [/home/xiaoyubb/Downloads/toolchain-sunxi-glibc-gcc-830/toolchain/bin/../lib/gcc/arm-openwrt-linux-gnueabi/8.3.0/../../../../arm-openwrt-linux-gnueabi/lib]
    arg [-lpthread] ==> lib [pthread]
    arg [-lfreetype] ==> lib [freetype]
    arg [-lrt] ==> lib [rt]
    arg [-ldl] ==> lib [dl]
    arg [-luapi] ==> lib [uapi]
    arg [-lz] ==> lib [z]
    arg [-lbz2] ==> lib [bz2]
    arg [-gc-sections] ==> ignore
    arg [CMakeFiles/cmTC_6c056.dir/CMakeCXXCompilerABI.cpp.o] ==> ignore
    arg [-lstdc++] ==> lib [stdc++]
    arg [-lm] ==> lib [m]
    arg [-lgcc_s] ==> lib [gcc_s]
    arg [-lgcc] ==> lib [gcc]
    arg [-lc] ==> lib [c]
    arg [-lgcc_s] ==> lib [gcc_s]
    arg [-lgcc] ==> lib [gcc]
    arg [/home/xiaoyubb/Downloads/toolchain-sunxi-glibc-gcc-830/toolchain/bin/../lib/gcc/arm-openwrt-linux-gnueabi/8.3.0/crtend.o] ==> ignore
    arg [/home/xiaoyubb/Downloads/toolchain-sunxi-glibc-gcc-830/toolchain/bin/../lib/gcc/arm-openwrt-linux-gnueabi/8.3.0/../../../../arm-openwrt-linux-gnueabi/lib/crtn.o] ==> ignore
  collapse library dir [/home/xiaoyubb/xiangmu/app_sdk_v2/platform/t113/lib] ==> [/home/xiaoyubb/xiangmu/app_sdk_v2/platform/t113/lib]
  collapse library dir [/home/xiaoyubb/xiangmu/app_sdk_v2/build/CMakeFiles/CMakeTmp/wifi/libs/] ==> [/home/xiaoyubb/xiangmu/app_sdk_v2/build/CMakeFiles/CMakeTmp/wifi/libs], skipping non-system directory
  collapse library dir [/home/xiaoyubb/xiangmu/app_sdk_v2/build/CMakeFiles/CMakeTmp/net/libs/] ==> [/home/xiaoyubb/xiangmu/app_sdk_v2/build/CMakeFiles/CMakeTmp/net/libs], skipping non-system directory
  collapse library dir [/home/xiaoyubb/Downloads/toolchain-sunxi-glibc-gcc-830/toolchain/bin:/home/xiaoyubb/Downloads/toolchain-sunxi-glibc-gcc-830/toolchain/bin:/home/xiaoyubb/Downloads/toolchain-sunxi-glibc-gcc-830/toolchain/bin:/usr/lib] ==> [/home/xiaoyubb/Downloads/toolchain-sunxi-glibc-gcc-830/toolchain/bin:/home/xiaoyubb/Downloads/toolchain-sunxi-glibc-gcc-830/toolchain/bin:/home/xiaoyubb/Downloads/toolchain-sunxi-glibc-gcc-830/toolchain/bin:/usr/lib]
  collapse library dir [/home/xiaoyubb/Downloads/toolchain-sunxi-glibc-gcc-830/toolchain/bin/../lib/gcc/arm-openwrt-linux-gnueabi/8.3.0] ==> [/home/xiaoyubb/Downloads/toolchain-sunxi-glibc-gcc-830/toolchain/lib/gcc/arm-openwrt-linux-gnueabi/8.3.0]
  collapse library dir [/home/xiaoyubb/Downloads/toolchain-sunxi-glibc-gcc-830/toolchain/bin/../lib/gcc] ==> [/home/xiaoyubb/Downloads/toolchain-sunxi-glibc-gcc-830/toolchain/lib/gcc]
  collapse library dir [/home/xiaoyubb/Downloads/toolchain-sunxi-glibc-gcc-830/toolchain/bin/../lib/gcc/arm-openwrt-linux-gnueabi/8.3.0/../../../../arm-openwrt-linux-gnueabi/lib] ==> [/home/xiaoyubb/Downloads/toolchain-sunxi-glibc-gcc-830/toolchain/arm-openwrt-linux-gnueabi/lib]
  implicit libs: [pthread;freetype;rt;dl;uapi;z;bz2;stdc++;m;gcc_s;gcc;c;gcc_s;gcc]
  implicit dirs: [/home/xiaoyubb/xiangmu/app_sdk_v2/platform/t113/lib;/home/xiaoyubb/Downloads/toolchain-sunxi-glibc-gcc-830/toolchain/bin:/home/xiaoyubb/Downloads/toolchain-sunxi-glibc-gcc-830/toolchain/bin:/home/xiaoyubb/Downloads/toolchain-sunxi-glibc-gcc-830/toolchain/bin:/usr/lib;/home/xiaoyubb/Downloads/toolchain-sunxi-glibc-gcc-830/toolchain/lib/gcc/arm-openwrt-linux-gnueabi/8.3.0;/home/xiaoyubb/Downloads/toolchain-sunxi-glibc-gcc-830/toolchain/lib/gcc;/home/xiaoyubb/Downloads/toolchain-sunxi-glibc-gcc-830/toolchain/arm-openwrt-linux-gnueabi/lib]
  implicit fwks: []


